<?xml version="1.0" encoding="UTF-8"?>
<testsuite name="it.unige.portcommand.bootstrap.JadeBootstrapIT" tests="2" skipped="0" failures="0" errors="0" timestamp="2026-07-14T22:43:37" hostname="MOJI" time="9.717">
  <properties/>
  <testcase name="bootsAndShutsDown()" classname="it.unige.portcommand.bootstrap.JadeBootstrapIT" time="3.651"/>
  <testcase name="restartsCleanly()" classname="it.unige.portcommand.bootstrap.JadeBootstrapIT" time="6.064"/>
  <system-out><![CDATA[00:43:38.562 [bootstrap_probe] [bootstrap_probe] INFO  i.u.p.bootstrap.BootstrapProbeAgent - BootstrapProbeAgent up — running DF self-check
00:43:38.562 [Test worker] [] INFO  i.u.p.bootstrap.JadeAgentSpawner - Agent bootstrap_probe spawned (class=BootstrapProbeAgent)
00:43:38.584 [bootstrap_probe] [bootstrap_probe] INFO  i.u.p.bootstrap.BootstrapProbeAgent - DF self-check: 0 'smoke-test' provider(s)
00:43:39.018 [Test worker] [] INFO  i.u.portcommand.prolog.PrologEngine - Prolog engine initialised: 5 rule modules, 21 ontology facts, 30 rules (R1–R30)
00:43:39.018 [Test worker] [] INFO  i.u.p.bootstrap.JadeBootstrap - JADE Main Container up on port 18099
00:43:41.502 [Test worker] [] INFO  i.u.p.bootstrap.JadeBootstrap - JADE Main Container down
00:43:41.534 [Test worker] [] INFO  i.u.p.bootstrap.JadeAgentSpawner - Agent bootstrap_probe spawned (class=BootstrapProbeAgent)
00:43:41.534 [bootstrap_probe] [bootstrap_probe] INFO  i.u.p.bootstrap.BootstrapProbeAgent - BootstrapProbeAgent up — running DF self-check
00:43:41.534 [bootstrap_probe] [bootstrap_probe] INFO  i.u.p.bootstrap.BootstrapProbeAgent - DF self-check: 0 'smoke-test' provider(s)
00:43:41.534 [Test worker] [] INFO  i.u.p.bootstrap.JadeBootstrap - JADE Main Container up on port 18099
00:43:44.552 [Test worker] [] INFO  i.u.p.bootstrap.JadeBootstrap - JADE Main Container down
00:43:44.568 [Test worker] [] INFO  i.u.p.bootstrap.JadeAgentSpawner - Agent bootstrap_probe spawned (class=BootstrapProbeAgent)
00:43:44.568 [bootstrap_probe] [bootstrap_probe] INFO  i.u.p.bootstrap.BootstrapProbeAgent - BootstrapProbeAgent up — running DF self-check
00:43:44.568 [bootstrap_probe] [bootstrap_probe] INFO  i.u.p.bootstrap.BootstrapProbeAgent - DF self-check: 0 'smoke-test' provider(s)
00:43:44.568 [Test worker] [] INFO  i.u.p.bootstrap.JadeBootstrap - JADE Main Container up on port 18099
00:43:47.585 [Test worker] [] INFO  i.u.p.bootstrap.JadeBootstrap - JADE Main Container down
]]></system-out>
  <system-err><![CDATA[Jul 15, 2026 12:43:38 AM jade.core.Runtime beginContainer
INFO: ----------------------------------
    This is JADE 4.6.0 - revision 6869 of 30-11-2022 14:47:03
    downloaded in Open Source, under LGPL restrictions,
    at http://jade.tilab.com/
----------------------------------------
Jul 15, 2026 12:43:38 AM jade.imtp.leap.LEAPIMTPManager initialize
INFO: Listening for intra-platform commands on address:
- jicp://10.205.181.230:18099

Jul 15, 2026 12:43:38 AM jade.core.BaseService init
INFO: Service jade.core.management.AgentManagement initialized
Jul 15, 2026 12:43:38 AM jade.core.BaseService init
INFO: Service jade.core.messaging.Messaging initialized
Jul 15, 2026 12:43:38 AM jade.core.BaseService init
INFO: Service jade.core.resource.ResourceManagement initialized
Jul 15, 2026 12:43:38 AM jade.core.BaseService init
INFO: Service jade.core.mobility.AgentMobility initialized
Jul 15, 2026 12:43:38 AM jade.core.BaseService init
INFO: Service jade.core.event.Notification initialized
Jul 15, 2026 12:43:38 AM jade.mtp.http.HTTPServer <init>
INFO: HTTP-MTP Using XML parser com.sun.org.apache.xerces.internal.jaxp.SAXParserImpl$JAXPSAXParser
Jul 15, 2026 12:43:38 AM jade.core.messaging.MessagingService boot
INFO: MTP addresses:
http://Moji:7778/acc
Jul 15, 2026 12:43:38 AM jade.core.AgentContainerImpl joinPlatform
INFO: --------------------------------------
Agent container Main-Container@10.205.181.230 is ready.
--------------------------------------------
Jul 15, 2026 12:43:41 AM jade.core.messaging.MessageManager shutdown
INFO: MessageManager shutting down ...
Jul 15, 2026 12:43:41 AM jade.core.Runtime beginContainer
INFO: ----------------------------------
    This is JADE 4.6.0 - revision 6869 of 30-11-2022 14:47:03
    downloaded in Open Source, under LGPL restrictions,
    at http://jade.tilab.com/
----------------------------------------
Jul 15, 2026 12:43:41 AM jade.imtp.leap.CommandDispatcher addICP
WARNING: Error adding ICP jade.imtp.leap.JICP.JICPPeer@1f966492[Cannot bind server socket to localhost port 18099].
Jul 15, 2026 12:43:41 AM jade.imtp.leap.LEAPIMTPManager initialize
INFO: Listening for intra-platform commands on address:
- jicp://10.205.181.230:18099

Jul 15, 2026 12:43:41 AM jade.core.BaseService init
INFO: Service jade.core.management.AgentManagement initialized
Jul 15, 2026 12:43:41 AM jade.core.BaseService init
INFO: Service jade.core.messaging.Messaging initialized
Jul 15, 2026 12:43:41 AM jade.core.BaseService init
INFO: Service jade.core.resource.ResourceManagement initialized
Jul 15, 2026 12:43:41 AM jade.core.BaseService init
INFO: Service jade.core.mobility.AgentMobility initialized
Jul 15, 2026 12:43:41 AM jade.core.BaseService init
INFO: Service jade.core.event.Notification initialized
Jul 15, 2026 12:43:41 AM jade.mtp.http.HTTPServer <init>
INFO: HTTP-MTP Using XML parser com.sun.org.apache.xerces.internal.jaxp.SAXParserImpl$JAXPSAXParser
Jul 15, 2026 12:43:41 AM jade.core.messaging.MessagingService boot
INFO: MTP addresses:
http://Moji:7778/acc
Jul 15, 2026 12:43:41 AM jade.core.AgentContainerImpl joinPlatform
INFO: --------------------------------------
Agent container Main-Container@10.205.181.230 is ready.
--------------------------------------------
Jul 15, 2026 12:43:44 AM jade.core.messaging.MessageManager shutdown
INFO: MessageManager shutting down ...
Jul 15, 2026 12:43:44 AM jade.core.Runtime beginContainer
INFO: ----------------------------------
    This is JADE 4.6.0 - revision 6869 of 30-11-2022 14:47:03
    downloaded in Open Source, under LGPL restrictions,
    at http://jade.tilab.com/
----------------------------------------
Jul 15, 2026 12:43:44 AM jade.imtp.leap.LEAPIMTPManager initialize
INFO: Listening for intra-platform commands on address:
- jicp://10.205.181.230:18099

Jul 15, 2026 12:43:44 AM jade.core.BaseService init
INFO: Service jade.core.management.AgentManagement initialized
Jul 15, 2026 12:43:44 AM jade.core.BaseService init
INFO: Service jade.core.messaging.Messaging initialized
Jul 15, 2026 12:43:44 AM jade.core.BaseService init
INFO: Service jade.core.resource.ResourceManagement initialized
Jul 15, 2026 12:43:44 AM jade.core.BaseService init
INFO: Service jade.core.mobility.AgentMobility initialized
Jul 15, 2026 12:43:44 AM jade.core.BaseService init
INFO: Service jade.core.event.Notification initialized
Jul 15, 2026 12:43:44 AM jade.mtp.http.HTTPServer <init>
INFO: HTTP-MTP Using XML parser com.sun.org.apache.xerces.internal.jaxp.SAXParserImpl$JAXPSAXParser
Jul 15, 2026 12:43:44 AM jade.core.messaging.MessagingService boot
INFO: MTP addresses:
http://Moji:7778/acc
Jul 15, 2026 12:43:44 AM jade.core.AgentContainerImpl joinPlatform
INFO: --------------------------------------
Agent container Main-Container@10.205.181.230 is ready.
--------------------------------------------
Jul 15, 2026 12:43:47 AM jade.core.messaging.MessageManager shutdown
INFO: MessageManager shutting down ...
]]></system-err>
</testsuite>
