<?xml version="1.0" encoding="UTF-8"?>
<testsuite name="it.unige.portcommand.scaffold.SmokeTestIT" tests="1" skipped="0" failures="0" errors="0" timestamp="2026-07-27T22:28:58" hostname="MOJI" time="3.96">
  <properties/>
  <testcase name="smokeTestRunsCleanly()" classname="it.unige.portcommand.scaffold.SmokeTestIT" time="3.96"/>
  <system-out><![CDATA[00:28:59.378 [Test worker] [] INFO  i.u.portcommand.scaffold.SmokeTest - === Smoke test start ===
00:28:59.493 [Test worker] [] INFO  i.u.portcommand.scaffold.JplProbe - JPL consult('C:/Projects/SDAI and NLP joint Project/PortCommand/port-command-genova/build/resources/test/prolog/smoke.pl') -> true
00:28:59.499 [Test worker] [] INFO  i.u.portcommand.scaffold.JplProbe - JPL member(2, [1,2,3]) -> true
00:28:59.921 [smoke] [] INFO  i.u.portcommand.scaffold.SmokeAgent - SmokeAgent smoke up
00:28:59.962 [smoke] [] INFO  i.u.portcommand.scaffold.SmokeAgent - SmokeAgent smoke down
00:29:02.846 [Test worker] [] INFO  i.u.portcommand.scaffold.SmokeTest - === Smoke test pass ===
]]></system-out>
  <system-err><![CDATA[Jul 28, 2026 12:28:59 AM jade.core.Runtime beginContainer
INFO: ----------------------------------
    This is JADE 4.6.0 - revision 6869 of 30-11-2022 14:47:03
    downloaded in Open Source, under LGPL restrictions,
    at http://jade.tilab.com/
----------------------------------------
Jul 28, 2026 12:28:59 AM jade.imtp.leap.LEAPIMTPManager initialize
INFO: Listening for intra-platform commands on address:
- jicp://10.158.73.230:1099

Jul 28, 2026 12:28:59 AM jade.core.BaseService init
INFO: Service jade.core.management.AgentManagement initialized
Jul 28, 2026 12:28:59 AM jade.core.BaseService init
INFO: Service jade.core.messaging.Messaging initialized
Jul 28, 2026 12:28:59 AM jade.core.BaseService init
INFO: Service jade.core.resource.ResourceManagement initialized
Jul 28, 2026 12:28:59 AM jade.core.BaseService init
INFO: Service jade.core.mobility.AgentMobility initialized
Jul 28, 2026 12:28:59 AM jade.core.BaseService init
INFO: Service jade.core.event.Notification initialized
Jul 28, 2026 12:28:59 AM jade.mtp.http.HTTPServer <init>
INFO: HTTP-MTP Using XML parser com.sun.org.apache.xerces.internal.jaxp.SAXParserImpl$JAXPSAXParser
Jul 28, 2026 12:28:59 AM jade.core.messaging.MessagingService boot
INFO: MTP addresses:
http://Moji:7778/acc
Jul 28, 2026 12:28:59 AM jade.core.AgentContainerImpl joinPlatform
INFO: --------------------------------------
Agent container Main-Container@10.158.73.230 is ready.
--------------------------------------------
Jul 28, 2026 12:29:02 AM jade.core.messaging.MessageManager shutdown
INFO: MessageManager shutting down ...
]]></system-err>
</testsuite>
