<?xml version="1.0" encoding="UTF-8"?>
<testsuite name="it.unige.portcommand.prolog.PrologRulesIT" tests="7" skipped="0" failures="0" errors="0" timestamp="2026-07-27T22:28:50" hostname="MOJI" time="0.36">
  <properties/>
  <testcase name="PLUnit suite 'compatibility' is all-green" classname="it.unige.portcommand.prolog.PrologRulesIT" time="0.17"/>
  <testcase name="PLUnit suite 'customs' is all-green" classname="it.unige.portcommand.prolog.PrologRulesIT" time="0.017"/>
  <testcase name="PLUnit suite 'dcg' is all-green" classname="it.unige.portcommand.prolog.PrologRulesIT" time="0.082"/>
  <testcase name="PLUnit suite 'escort' is all-green" classname="it.unige.portcommand.prolog.PrologRulesIT" time="0.019"/>
  <testcase name="PLUnit suite 'priority' is all-green" classname="it.unige.portcommand.prolog.PrologRulesIT" time="0.015"/>
  <testcase name="PLUnit suite 'spawnability' is all-green" classname="it.unige.portcommand.prolog.PrologRulesIT" time="0.023"/>
  <testcase name="PLUnit suite 'weather' is all-green" classname="it.unige.portcommand.prolog.PrologRulesIT" time="0.017"/>
  <system-out><![CDATA[00:28:50.553 [Test worker] [] INFO  i.u.portcommand.prolog.PrologEngine - Prolog engine initialised: 5 rule modules, 21 ontology facts, 30 rules (R1–R30), DCG negotiation grammar loaded
]]></system-out>
  <system-err><![CDATA[]]></system-err>
</testsuite>
