<?xml version="1.0" encoding="UTF-8"?>
<testsuite name="it.unige.portcommand.behaviours.PoissonSpawnBehaviourIT" tests="2" skipped="0" failures="0" errors="0" timestamp="2026-07-27T22:19:38" hostname="MOJI" time="6.848">
  <properties/>
  <testcase name="pausedClock_neverSpawns()" classname="it.unige.portcommand.behaviours.PoissonSpawnBehaviourIT" time="3.822"/>
  <testcase name="atCap_noNPlusOnethSpawn()" classname="it.unige.portcommand.behaviours.PoissonSpawnBehaviourIT" time="3.025"/>
  <system-out><![CDATA[00:19:39.601 [bootstrap_probe] [bootstrap_probe] INFO  i.u.p.bootstrap.BootstrapProbeAgent - BootstrapProbeAgent up — running DF self-check
00:19:39.630 [bootstrap_probe] [bootstrap_probe] INFO  i.u.p.bootstrap.BootstrapProbeAgent - DF self-check: 0 'smoke-test' provider(s)
00:19:40.380 [Test worker] [] INFO  i.u.portcommand.prolog.PrologEngine - Prolog engine initialised: 5 rule modules, 21 ontology facts, 30 rules (R1–R30), DCG negotiation grammar loaded
00:19:40.389 [Test worker] [] INFO  i.u.p.bootstrap.JadeBootstrap - JADE Main Container up on port 18099
00:19:42.517 [Test worker] [] INFO  i.u.p.bootstrap.JadeBootstrap - JADE Main Container down
00:19:42.548 [bootstrap_probe] [bootstrap_probe] INFO  i.u.p.bootstrap.BootstrapProbeAgent - BootstrapProbeAgent up — running DF self-check
00:19:42.548 [bootstrap_probe] [bootstrap_probe] INFO  i.u.p.bootstrap.BootstrapProbeAgent - DF self-check: 0 'smoke-test' provider(s)
00:19:42.556 [Test worker] [] INFO  i.u.p.bootstrap.JadeBootstrap - JADE Main Container up on port 18099
00:19:45.543 [Test worker] [] INFO  i.u.p.bootstrap.JadeBootstrap - JADE Main Container down
]]></system-out>
  <system-err><![CDATA[Jul 28, 2026 12:19:39 AM jade.core.Runtime beginContainer
INFO: ----------------------------------
    This is JADE 4.6.0 - revision 6869 of 30-11-2022 14:47:03
    downloaded in Open Source, under LGPL restrictions,
    at http://jade.tilab.com/
----------------------------------------
Jul 28, 2026 12:19:39 AM jade.imtp.leap.LEAPIMTPManager initialize
INFO: Listening for intra-platform commands on address:
- jicp://10.158.73.230:18099

Jul 28, 2026 12:19:39 AM jade.core.BaseService init
INFO: Service jade.core.management.AgentManagement initialized
Jul 28, 2026 12:19:39 AM jade.core.BaseService init
INFO: Service jade.core.messaging.Messaging initialized
Jul 28, 2026 12:19:39 AM jade.core.BaseService init
INFO: Service jade.core.resource.ResourceManagement initialized
Jul 28, 2026 12:19:39 AM jade.core.BaseService init
INFO: Service jade.core.mobility.AgentMobility initialized
Jul 28, 2026 12:19:39 AM jade.core.BaseService init
INFO: Service jade.core.event.Notification initialized
Jul 28, 2026 12:19:39 AM jade.mtp.http.HTTPServer <init>
INFO: HTTP-MTP Using XML parser com.sun.org.apache.xerces.internal.jaxp.SAXParserImpl$JAXPSAXParser
Jul 28, 2026 12:19:39 AM jade.core.messaging.MessagingService boot
INFO: MTP addresses:
http://Moji:7778/acc
Jul 28, 2026 12:19:39 AM jade.core.AgentContainerImpl joinPlatform
INFO: --------------------------------------
Agent container Main-Container@10.158.73.230 is ready.
--------------------------------------------
Jul 28, 2026 12:19:42 AM jade.core.messaging.MessageManager shutdown
INFO: MessageManager shutting down ...
Jul 28, 2026 12:19:42 AM jade.core.Runtime beginContainer
INFO: ----------------------------------
    This is JADE 4.6.0 - revision 6869 of 30-11-2022 14:47:03
    downloaded in Open Source, under LGPL restrictions,
    at http://jade.tilab.com/
----------------------------------------
Jul 28, 2026 12:19:42 AM jade.imtp.leap.CommandDispatcher addICP
WARNING: Error adding ICP jade.imtp.leap.JICP.JICPPeer@6719f206[Cannot bind server socket to localhost port 18099].
Jul 28, 2026 12:19:42 AM jade.imtp.leap.LEAPIMTPManager initialize
INFO: Listening for intra-platform commands on address:
- jicp://10.158.73.230:18099

Jul 28, 2026 12:19:42 AM jade.core.BaseService init
INFO: Service jade.core.management.AgentManagement initialized
Jul 28, 2026 12:19:42 AM jade.core.BaseService init
INFO: Service jade.core.messaging.Messaging initialized
Jul 28, 2026 12:19:42 AM jade.core.BaseService init
INFO: Service jade.core.resource.ResourceManagement initialized
Jul 28, 2026 12:19:42 AM jade.core.BaseService init
INFO: Service jade.core.mobility.AgentMobility initialized
Jul 28, 2026 12:19:42 AM jade.core.BaseService init
INFO: Service jade.core.event.Notification initialized
Jul 28, 2026 12:19:42 AM jade.mtp.http.HTTPServer <init>
INFO: HTTP-MTP Using XML parser com.sun.org.apache.xerces.internal.jaxp.SAXParserImpl$JAXPSAXParser
Jul 28, 2026 12:19:42 AM jade.core.messaging.MessagingService boot
INFO: MTP addresses:
http://Moji:7778/acc
Jul 28, 2026 12:19:42 AM jade.core.AgentContainerImpl joinPlatform
INFO: --------------------------------------
Agent container Main-Container@10.158.73.230 is ready.
--------------------------------------------
Jul 28, 2026 12:19:45 AM jade.core.messaging.MessageManager shutdown
INFO: MessageManager shutting down ...
]]></system-err>
</testsuite>
