<?xml version="1.0" encoding="UTF-8"?>
<testsuite name="it.unige.portcommand.nlp.PolicyParserQuietTest" tests="2" skipped="0" failures="0" errors="0" timestamp="2026-07-27T22:12:52" hostname="MOJI" time="0.041">
  <properties/>
  <testcase name="aTriggerThatNoLongerParsesComesBackEmptyQuietly()" classname="it.unige.portcommand.nlp.PolicyParserQuietTest" time="0.016"/>
  <testcase name="parseQuietlyRebuildsTheRuleWithoutTouchingAnyBus()" classname="it.unige.portcommand.nlp.PolicyParserQuietTest" time="0.024"/>
  <system-out><![CDATA[]]></system-out>
  <system-err><![CDATA[]]></system-err>
</testsuite>
