<?xml version="1.0" encoding="UTF-8"?>
<testsuite name="it.unige.portcommand.gui.SettingsFormTest" tests="5" skipped="0" failures="0" errors="0" timestamp="2026-07-27T22:12:40" hostname="MOJI" time="0.322">
  <properties/>
  <testcase name="scenarioPacingIsPreservedWhenTheDayLengthSliderIsUntouched()" classname="it.unige.portcommand.gui.SettingsFormTest" time="0.086"/>
  <testcase name="draggingTheSliderOverridesTheScenarioPace()" classname="it.unige.portcommand.gui.SettingsFormTest" time="0.073"/>
  <testcase name="applyPublishesAnEventCarryingTheEditedWidgetValues()" classname="it.unige.portcommand.gui.SettingsFormTest" time="0.078"/>
  <testcase name="resetRestoresDefaultWidgetsAndDoesNotPublishUntilApplied()" classname="it.unige.portcommand.gui.SettingsFormTest" time="0.075"/>
  <testcase name="dayLengthSliderIsClampedIntoTheSandboxRangeOnOpen()" classname="it.unige.portcommand.gui.SettingsFormTest" time="0.006"/>
  <system-out><![CDATA[]]></system-out>
  <system-err><![CDATA[]]></system-err>
</testsuite>
