<?xml version="1.0" encoding="UTF-8"?>
<testsuite name="it.unige.portcommand.gui.model.MapModelTest" tests="12" skipped="0" failures="0" errors="0" timestamp="2026-07-27T22:12:41" hostname="MOJI" time="0.008">
  <properties/>
  <testcase name="onChangeFiresOnEveryMutatingApplyCall()" classname="it.unige.portcommand.gui.model.MapModelTest" time="0.001"/>
  <testcase name="aDeltaForATugIdNotInTheSeededFleetIsStillAdded()" classname="it.unige.portcommand.gui.model.MapModelTest" time="0.0"/>
  <testcase name="applyTugDeltaTwiceForTheSameTugKeepsOnlyTheLatestPositionAndNeverAddsEntries()" classname="it.unige.portcommand.gui.model.MapModelTest" time="0.003"/>
  <testcase name="berthsAndTugsSnapshotsAreImmutable()" classname="it.unige.portcommand.gui.model.MapModelTest" time="0.001"/>
  <testcase name="weatherStartsEmptyThenReflectsTheLatestEvent()" classname="it.unige.portcommand.gui.model.MapModelTest" time="0.0"/>
  <testcase name="vesselArrivedThenDepartedRemovesTheChip()" classname="it.unige.portcommand.gui.model.MapModelTest" time="0.0"/>
  <testcase name="departingAnUnknownVesselIsANoOpAndDoesNotFireOnChange()" classname="it.unige.portcommand.gui.model.MapModelTest" time="0.0"/>
  <testcase name="duplicateArrivalForTheSameVesselIdDoesNotDuplicateTheChip()" classname="it.unige.portcommand.gui.model.MapModelTest" time="0.0"/>
  <testcase name="deltasForDifferentTugsOverwriteTheirSeedsIndependently()" classname="it.unige.portcommand.gui.model.MapModelTest" time="0.001"/>
  <testcase name="applyBerthDeltaOverwritesThatBerthsOccupancy()" classname="it.unige.portcommand.gui.model.MapModelTest" time="0.0"/>
  <testcase name="constructionSeedsAllFourCanonicalBerthsAsFree()" classname="it.unige.portcommand.gui.model.MapModelTest" time="0.0"/>
  <testcase name="tugsSeededWithAllFourBasesAtIdleOnConstruction()" classname="it.unige.portcommand.gui.model.MapModelTest" time="0.0"/>
  <system-out><![CDATA[]]></system-out>
  <system-err><![CDATA[]]></system-err>
</testsuite>
