<?xml version="1.0" encoding="UTF-8"?>
<testsuite name="it.unige.portcommand.behaviours.OpeningProposalBehaviourTest" tests="2" skipped="0" failures="0" errors="0" timestamp="2026-07-27T22:12:35" hostname="MOJI" time="0.211">
  <properties/>
  <testcase name="aggressiveOpensLowerThanDesperateAtTheSameTargetAndRoll()" classname="it.unige.portcommand.behaviours.OpeningProposalBehaviourTest" time="0.001"/>
  <testcase name="everyTypeAndPersonalityStaysWithinTheDerivedBand()" classname="it.unige.portcommand.behaviours.OpeningProposalBehaviourTest" time="0.209"/>
  <system-out><![CDATA[]]></system-out>
  <system-err><![CDATA[]]></system-err>
</testsuite>
