<?xml version="1.0" encoding="UTF-8"?>
<testsuite name="it.unige.portcommand.nlp.RasaBridgeTest" tests="10" skipped="0" failures="0" errors="0" timestamp="2026-07-27T22:12:52" hostname="MOJI" time="3.112">
  <properties/>
  <testcase name="parseAsyncCompletesOffTheCallingThread()" classname="it.unige.portcommand.nlp.RasaBridgeTest" time="0.015"/>
  <testcase name="malformedJsonThrowsNlpServiceException()" classname="it.unige.portcommand.nlp.RasaBridgeTest" time="0.014"/>
  <testcase name="tooLongTextRejectedWithoutNetworkCall()" classname="it.unige.portcommand.nlp.RasaBridgeTest" time="0.002"/>
  <testcase name="clientErrorDoesNotRetry()" classname="it.unige.portcommand.nlp.RasaBridgeTest" time="0.009"/>
  <testcase name="duplicateEntityNameLastWriteWins()" classname="it.unige.portcommand.nlp.RasaBridgeTest" time="0.013"/>
  <testcase name="serverErrorRetriesOnceThenThrows()" classname="it.unige.portcommand.nlp.RasaBridgeTest" time="0.017"/>
  <testcase name="blankTextRejectedWithoutNetworkCall()" classname="it.unige.portcommand.nlp.RasaBridgeTest" time="0.005"/>
  <testcase name="requestTimeoutThrowsRasaTimeoutExceptionWithNoRetry()" classname="it.unige.portcommand.nlp.RasaBridgeTest" time="2.997"/>
  <testcase name="connectionFailureEventuallyThrowsNlpServiceException()" classname="it.unige.portcommand.nlp.RasaBridgeTest" time="0.008"/>
  <testcase name="parseSuccessMapsIntentEntitiesAndRanking()" classname="it.unige.portcommand.nlp.RasaBridgeTest" time="0.028"/>
  <system-out><![CDATA[]]></system-out>
  <system-err><![CDATA[]]></system-err>
</testsuite>
