<?xml version="1.0" encoding="UTF-8"?>
<testsuite name="it.unige.portcommand.negotiation.PersonalityTest" tests="5" skipped="0" failures="0" errors="0" timestamp="2026-07-27T22:12:44" hostname="MOJI" time="0.004">
  <properties/>
  <testcase name="fromDistributionFallsBackToNeutralWhenUnderspecified()" classname="it.unige.portcommand.negotiation.PersonalityTest" time="0.0"/>
  <testcase name="openingFractionSubBandsSpanTheFullSevenZeroToEightFiveRange()" classname="it.unige.portcommand.negotiation.PersonalityTest" time="0.002"/>
  <testcase name="sampleOpeningFractionInterpolatesWithinItsOwnBand()" classname="it.unige.portcommand.negotiation.PersonalityTest" time="0.0"/>
  <testcase name="fromDistributionReadsCumulativeBuckets()" classname="it.unige.portcommand.negotiation.PersonalityTest" time="0.0"/>
  <testcase name="openingFractionSubBandsAreContiguousAndOrderedAggressiveLowest()" classname="it.unige.portcommand.negotiation.PersonalityTest" time="0.0"/>
  <system-out><![CDATA[]]></system-out>
  <system-err><![CDATA[]]></system-err>
</testsuite>
