<?xml version="1.0" encoding="UTF-8"?>
<testsuite name="it.unige.portcommand.behaviours.SimClockTickPublisherBehaviourTest" tests="4" skipped="0" failures="0" errors="0" timestamp="2026-07-27T22:12:36" hostname="MOJI" time="0.007">
  <properties/>
  <testcase name="staysSilentWhileTheClockIsFrozen()" classname="it.unige.portcommand.behaviours.SimClockTickPublisherBehaviourTest" time="0.003"/>
  <testcase name="publishesAConsistentSnapshotOfTheCurrentSimInstant()" classname="it.unige.portcommand.behaviours.SimClockTickPublisherBehaviourTest" time="0.0"/>
  <testcase name="resumesPublishingOnceTimeMovesAgain()" classname="it.unige.portcommand.behaviours.SimClockTickPublisherBehaviourTest" time="0.001"/>
  <testcase name="firesOnTheVeryFirstTickOfARun()" classname="it.unige.portcommand.behaviours.SimClockTickPublisherBehaviourTest" time="0.001"/>
  <system-out><![CDATA[]]></system-out>
  <system-err><![CDATA[]]></system-err>
</testsuite>
