<?xml version="1.0" encoding="UTF-8"?>
<testsuite name="it.unige.portcommand.gui.LogArchiverTest" tests="5" skipped="0" failures="0" errors="0" timestamp="2026-07-27T22:12:39" hostname="MOJI" time="0.075">
  <properties/>
  <testcase name="archiveAllAppendsRatherThanReplacing(Path)" classname="it.unige.portcommand.gui.LogArchiverTest" time="0.034"/>
  <testcase name="archiveAllOnAnEmptyBatchWritesNothingAndDoesNotCreateTheDirectory(Path)" classname="it.unige.portcommand.gui.LogArchiverTest" time="0.002"/>
  <testcase name="archiveCreatesTheTargetDirectoryTreeIfItIsMissing(Path)" classname="it.unige.portcommand.gui.LogArchiverTest" time="0.024"/>
  <testcase name="archiveAllWritesEveryEntryInOrderInOneGo(Path)" classname="it.unige.portcommand.gui.LogArchiverTest" time="0.009"/>
  <testcase name="archiveWritesOneValidJsonLinePerCallToTodaysDatedFile(Path)" classname="it.unige.portcommand.gui.LogArchiverTest" time="0.004"/>
  <system-out><![CDATA[]]></system-out>
  <system-err><![CDATA[]]></system-err>
</testsuite>
