<?xml version="1.0" encoding="UTF-8"?>
<testsuite name="it.unige.portcommand.util.RandomSourceTest" tests="3" skipped="0" failures="0" errors="0" timestamp="2026-07-27T22:12:58" hostname="MOJI" time="0.002">
  <properties/>
  <testcase name="setSeedResetsSequence()" classname="it.unige.portcommand.util.RandomSourceTest" time="0.0"/>
  <testcase name="differentSeedsDiffer()" classname="it.unige.portcommand.util.RandomSourceTest" time="0.0"/>
  <testcase name="sameSeedProducesSameSequence()" classname="it.unige.portcommand.util.RandomSourceTest" time="0.001"/>
  <system-out><![CDATA[]]></system-out>
  <system-err><![CDATA[]]></system-err>
</testsuite>
