<?xml version="1.0" encoding="UTF-8"?>
<testsuite name="it.unige.portcommand.behaviours.WithdrawalBehaviourTest" tests="2" skipped="0" failures="0" errors="0" timestamp="2026-07-14T22:41:21" hostname="MOJI" time="0.002">
  <properties/>
  <testcase name="unknownReasonThrows()" classname="it.unige.portcommand.behaviours.WithdrawalBehaviourTest" time="0.001"/>
  <testcase name="mapsEachReasonToItsCanonicalOutcome()" classname="it.unige.portcommand.behaviours.WithdrawalBehaviourTest" time="0.001"/>
  <system-out><![CDATA[]]></system-out>
  <system-err><![CDATA[]]></system-err>
</testsuite>
