<?xml version="1.0" encoding="UTF-8"?>
<testsuite name="it.unige.portcommand.assistant.HallucinationValidatorTest" tests="10" skipped="0" failures="0" errors="0" timestamp="2026-07-27T22:12:35" hostname="MOJI" time="0.018">
  <properties/>
  <testcase name="outputWithFabricatedExtraNumberFails()" classname="it.unige.portcommand.assistant.HallucinationValidatorTest" time="0.001"/>
  <testcase name="outputWithFabricatedVesselNameFails()" classname="it.unige.portcommand.assistant.HallucinationValidatorTest" time="0.003"/>
  <testcase name="outputOmittingARequiredDecisionFigureFails()" classname="it.unige.portcommand.assistant.HallucinationValidatorTest" time="0.002"/>
  <testcase name="outputThatAltersASupportingFigureStillFails()" classname="it.unige.portcommand.assistant.HallucinationValidatorTest" time="0.001"/>
  <testcase name="blankOutputFails()" classname="it.unige.portcommand.assistant.HallucinationValidatorTest" time="0.001"/>
  <testcase name="restatingZeroPercentAcceptanceAsHundredPercentRejectionFails()" classname="it.unige.portcommand.assistant.HallucinationValidatorTest" time="0.001"/>
  <testcase name="validOutputWithAllNumbersAndKnownEntitiesPasses()" classname="it.unige.portcommand.assistant.HallucinationValidatorTest" time="0.001"/>
  <testcase name="outputWordingASupportingFigureInsteadOfQuotingItPasses()" classname="it.unige.portcommand.assistant.HallucinationValidatorTest" time="0.001"/>
  <testcase name="outputSwappingASupportingFigureForAnotherOfTheSameTraceIsAcceptedNow()" classname="it.unige.portcommand.assistant.HallucinationValidatorTest" time="0.001"/>
  <testcase name="currencyAndThousandsFormattingAllNormaliseToTheSameFigure()" classname="it.unige.portcommand.assistant.HallucinationValidatorTest" time="0.002"/>
  <system-out><![CDATA[]]></system-out>
  <system-err><![CDATA[]]></system-err>
</testsuite>
