<?xml version="1.0" encoding="UTF-8"?>
<testsuite name="it.unige.portcommand.gui.model.NotificationModelTest" tests="6" skipped="0" failures="0" errors="0" timestamp="2026-07-27T22:12:41" hostname="MOJI" time="0.004">
  <properties/>
  <testcase name="aSixthChipEvictsTheOldestAndReportsItsId()" classname="it.unige.portcommand.gui.model.NotificationModelTest" time="0.001"/>
  <testcase name="onChangeFiresOnAddAndOnDismiss()" classname="it.unige.portcommand.gui.model.NotificationModelTest" time="0.0"/>
  <testcase name="dismissingAnUnknownIdIsANoOpAndDoesNotNotify()" classname="it.unige.portcommand.gui.model.NotificationModelTest" time="0.001"/>
  <testcase name="chipsPreservesInsertionOrder()" classname="it.unige.portcommand.gui.model.NotificationModelTest" time="0.001"/>
  <testcase name="dismissRemovesTheChip()" classname="it.unige.portcommand.gui.model.NotificationModelTest" time="0.0"/>
  <testcase name="addAssignsIncreasingIdsAndNoEvictionUnderTheCap()" classname="it.unige.portcommand.gui.model.NotificationModelTest" time="0.001"/>
  <system-out><![CDATA[]]></system-out>
  <system-err><![CDATA[]]></system-err>
</testsuite>
