<?xml version="1.0" encoding="UTF-8"?>
<testsuite name="it.unige.portcommand.util.EventBusTest" tests="3" skipped="0" failures="0" errors="0" timestamp="2026-07-14T22:41:31" hostname="MOJI" time="0.012">
  <properties/>
  <testcase name="subscribeRegistersAndCancelRemoves()" classname="it.unige.portcommand.util.EventBusTest" time="0.006"/>
  <testcase name="publishStoresEventForInspection()" classname="it.unige.portcommand.util.EventBusTest" time="0.002"/>
  <testcase name="stubDoesNotDispatchToSubscribers()" classname="it.unige.portcommand.util.EventBusTest" time="0.003"/>
  <system-out><![CDATA[]]></system-out>
  <system-err><![CDATA[]]></system-err>
</testsuite>
