<?xml version="1.0" encoding="UTF-8"?>
<testsuite name="it.unige.portcommand.gui.CommLogPanelTest" tests="2" skipped="0" failures="0" errors="0" timestamp="2026-07-27T22:12:39" hostname="MOJI" time="0.075">
  <properties/>
  <testcase name="scrolledUpSuppressesAutoScrollAndShowsResumeButtonWhileEntriesArrive()" classname="it.unige.portcommand.gui.CommLogPanelTest" time="0.059"/>
  <testcase name="clickingResumeReturnsToBottomAndHidesTheButton()" classname="it.unige.portcommand.gui.CommLogPanelTest" time="0.015"/>
  <system-out><![CDATA[]]></system-out>
  <system-err><![CDATA[]]></system-err>
</testsuite>
