<?xml version="1.0" encoding="UTF-8"?>
<testsuite name="it.unige.portcommand.assistant.WalkInDialogueSnapshotPrivacyTest" tests="2" skipped="0" failures="0" errors="0" timestamp="2026-07-14T22:41:21" hostname="MOJI" time="0.003">
  <properties/>
  <testcase name="observableFieldsAreExactlyTheDocumentedSet()" classname="it.unige.portcommand.assistant.WalkInDialogueSnapshotPrivacyTest" time="0.002"/>
  <testcase name="recordComponentsContainNoHiddenBeliefFields()" classname="it.unige.portcommand.assistant.WalkInDialogueSnapshotPrivacyTest" time="0.001"/>
  <system-out><![CDATA[]]></system-out>
  <system-err><![CDATA[]]></system-err>
</testsuite>
