<?xml version="1.0" encoding="UTF-8"?>
<testsuite name="it.unige.portcommand.nlp.FrameToAclTest" tests="10" skipped="0" failures="0" errors="0" timestamp="2026-07-14T22:41:21" hostname="MOJI" time="0.038">
  <properties/>
  <testcase name="contentIsJsonOfFrameElements()" classname="it.unige.portcommand.nlp.FrameToAclTest" time="0.018"/>
  <testcase name="receiverAndConversationIdSetWhenProvided()" classname="it.unige.portcommand.nlp.FrameToAclTest" time="0.002"/>
  <testcase name="receiverAndConversationIdLeftUnsetWhenNull()" classname="it.unige.portcommand.nlp.FrameToAclTest" time="0.001"/>
  <testcase name="unknownMoveTypeThrows()" classname="it.unige.portcommand.nlp.FrameToAclTest" time="0.003"/>
  <testcase name="stampsMessageFactoryEnvelope()" classname="it.unige.portcommand.nlp.FrameToAclTest" time="0.003"/>
  <testcase name="frameName=propose -&gt; performative=11" classname="it.unige.portcommand.nlp.FrameToAclTest" time="0.002"/>
  <testcase name="frameName=counter -&gt; performative=11" classname="it.unige.portcommand.nlp.FrameToAclTest" time="0.0"/>
  <testcase name="frameName=accept -&gt; performative=0" classname="it.unige.portcommand.nlp.FrameToAclTest" time="0.0"/>
  <testcase name="frameName=reject -&gt; performative=15" classname="it.unige.portcommand.nlp.FrameToAclTest" time="0.0"/>
  <testcase name="frameName=ask -&gt; performative=13" classname="it.unige.portcommand.nlp.FrameToAclTest" time="0.0"/>
  <system-out><![CDATA[]]></system-out>
  <system-err><![CDATA[]]></system-err>
</testsuite>
