<?xml version="1.0" encoding="UTF-8"?>
<testsuite name="it.unige.portcommand.behaviours.BehaviourCatalogueTest" tests="2" skipped="0" failures="0" errors="0" timestamp="2026-07-27T22:12:35" hostname="MOJI" time="0.112">
  <properties/>
  <testcase name="exactlyFiftyOneBehaviourStubsAllExtendingBehaviour()" classname="it.unige.portcommand.behaviours.BehaviourCatalogueTest" time="0.109"/>
  <testcase name="noPlayerAgentClassExists()" classname="it.unige.portcommand.behaviours.BehaviourCatalogueTest" time="0.002"/>
  <system-out><![CDATA[]]></system-out>
  <system-err><![CDATA[]]></system-err>
</testsuite>
