<?xml version="1.0" encoding="UTF-8"?>
<testsuite name="it.unige.portcommand.gui.ChatMessageRendererTest" tests="6" skipped="0" failures="0" errors="0" timestamp="2026-07-27T22:12:36" hostname="MOJI" time="0.014">
  <properties/>
  <testcase name="assistantEntryIsVisuallyDistinctFromPlayerAndVessel()" classname="it.unige.portcommand.gui.ChatMessageRendererTest" time="0.005"/>
  <testcase name="vesselEntryIsLeftAligned()" classname="it.unige.portcommand.gui.ChatMessageRendererTest" time="0.0"/>
  <testcase name="systemEntryIsCenteredAndDistinctFromConversationalBubbles()" classname="it.unige.portcommand.gui.ChatMessageRendererTest" time="0.0"/>
  <testcase name="renderTranscriptWrapsEveryEntryInOneHtmlDocument()" classname="it.unige.portcommand.gui.ChatMessageRendererTest" time="0.001"/>
  <testcase name="playerEntryIsRightAligned()" classname="it.unige.portcommand.gui.ChatMessageRendererTest" time="0.002"/>
  <testcase name="htmlSpecialCharactersAreEscaped()" classname="it.unige.portcommand.gui.ChatMessageRendererTest" time="0.002"/>
  <system-out><![CDATA[]]></system-out>
  <system-err><![CDATA[]]></system-err>
</testsuite>
