<?xml version="1.0" encoding="UTF-8"?>
<testsuite name="it.unige.portcommand.prolog.PrologEngineTest" tests="8" skipped="0" failures="0" errors="0" timestamp="2026-07-27T22:12:56" hostname="MOJI" time="0.249">
  <properties/>
  <testcase name="ruleKernelIsExactlyThirtyRules()" classname="it.unige.portcommand.prolog.PrologEngineTest" time="0.007"/>
  <testcase name="concurrentQueriesDoNotDeadlockOrThrow()" classname="it.unige.portcommand.prolog.PrologEngineTest" time="0.235"/>
  <testcase name="getInstanceIsSingletonAndInitialised()" classname="it.unige.portcommand.prolog.PrologEngineTest" time="0.001"/>
  <testcase name="dcgGrammarContributesZeroRulesToTheKernel()" classname="it.unige.portcommand.prolog.PrologEngineTest" time="0.002"/>
  <testcase name="manifestIsOntologyThenDcgThenFiveRuleModules()" classname="it.unige.portcommand.prolog.PrologEngineTest" time="0.001"/>
  <testcase name="initConsultsAllSixFiles()" classname="it.unige.portcommand.prolog.PrologEngineTest" time="0.001"/>
  <testcase name="initConsultsTheDcgGrammar()" classname="it.unige.portcommand.prolog.PrologEngineTest" time="0.0"/>
  <testcase name="mainResourceDirHoldsExactlyTheFiveRuleModules()" classname="it.unige.portcommand.prolog.PrologEngineTest" time="0.002"/>
  <system-out><![CDATA[]]></system-out>
  <system-err><![CDATA[]]></system-err>
</testsuite>
