<?xml version="1.0" encoding="UTF-8"?>
<testsuite name="it.unige.portcommand.negotiation.WalkInStateTest" tests="4" skipped="0" failures="0" errors="0" timestamp="2026-07-14T22:41:21" hostname="MOJI" time="0.004">
  <properties/>
  <testcase name="initialStartsAtRoundOneWithNoOffers()" classname="it.unige.portcommand.negotiation.WalkInStateTest" time="0.0"/>
  <testcase name="recordPlayerCounterAdvancesRoundAndStoresPrice()" classname="it.unige.portcommand.negotiation.WalkInStateTest" time="0.0"/>
  <testcase name="recordOwnOfferSetsLastOwnOffer()" classname="it.unige.portcommand.negotiation.WalkInStateTest" time="0.001"/>
  <testcase name="markStartedStampsTimeAndPreservesBeliefs()" classname="it.unige.portcommand.negotiation.WalkInStateTest" time="0.0"/>
  <system-out><![CDATA[]]></system-out>
  <system-err><![CDATA[]]></system-err>
</testsuite>
