<?xml version="1.0" encoding="UTF-8"?>
<testsuite name="it.unige.portcommand.nlp.NLPPipelineTest" tests="18" skipped="0" failures="0" errors="0" timestamp="2026-07-27T22:12:47" hostname="MOJI" time="4.848">
  <properties/>
  <testcase name="cancelActionWithStandingOfferMapsToRejectProposal()" classname="it.unige.portcommand.nlp.NLPPipelineTest" time="0.098"/>
  <testcase name="structuralIntentTheDcgAlreadyMissedNeedsClarification()" classname="it.unige.portcommand.nlp.NLPPipelineTest" time="0.014"/>
  <testcase name="dcgHitRoutesWithoutEverCallingRasa()" classname="it.unige.portcommand.nlp.NLPPipelineTest" time="0.009"/>
  <testcase name="dcgHitFailingValidationFallsBackToClarificationWithoutCallingRasa()" classname="it.unige.portcommand.nlp.NLPPipelineTest" time="0.005"/>
  <testcase name="highConfidenceSetPolicyCarriesRawTextIgnoringEntities()" classname="it.unige.portcommand.nlp.NLPPipelineTest" time="0.014"/>
  <testcase name="highConfidenceRejectDealRoutesToRejectProposal()" classname="it.unige.portcommand.nlp.NLPPipelineTest" time="0.015"/>
  <testcase name="aBindingAcceptBelowPointEightIntentConfidenceFallsToClarificationNotAnAutoClose()" classname="it.unige.portcommand.nlp.NLPPipelineTest" time="0.01"/>
  <testcase name="lowConfidenceNeedsClarification()" classname="it.unige.portcommand.nlp.NLPPipelineTest" time="0.014"/>
  <testcase name="mediumConfidenceNeedsClarification()" classname="it.unige.portcommand.nlp.NLPPipelineTest" time="0.015"/>
  <testcase name="processChatInputReturnsBeforeRasaResponds()" classname="it.unige.portcommand.nlp.NLPPipelineTest" time="1.513"/>
  <testcase name="nullTextResolvesToErrorNotAnExceptionalFuture()" classname="it.unige.portcommand.nlp.NLPPipelineTest" time="0.006"/>
  <testcase name="highConfidenceQueryStatusRoutesToQueryRef()" classname="it.unige.portcommand.nlp.NLPPipelineTest" time="0.014"/>
  <testcase name="highConfidenceAcceptDealRoutesToAcceptProposal()" classname="it.unige.portcommand.nlp.NLPPipelineTest" time="0.024"/>
  <testcase name="nonTimeoutRasaFailureResolvesToError()" classname="it.unige.portcommand.nlp.NLPPipelineTest" time="0.019"/>
  <testcase name="cancelActionWithActiveNegotiationButNoStandingOfferMapsToInform()" classname="it.unige.portcommand.nlp.NLPPipelineTest" time="0.022"/>
  <testcase name="aBindingAcceptAtPointEightyOrAboveStillRoutes()" classname="it.unige.portcommand.nlp.NLPPipelineTest" time="0.018"/>
  <testcase name="rasaTimeoutResolvesToClarificationNotAnException()" classname="it.unige.portcommand.nlp.NLPPipelineTest" time="3.017"/>
  <testcase name="cancelActionWithNoActiveNegotiationMapsToCancel()" classname="it.unige.portcommand.nlp.NLPPipelineTest" time="0.013"/>
  <system-out><![CDATA[00:12:49.133 [pool-15-thread-1] [] WARN  i.unige.portcommand.nlp.NLPPipeline - pipeline failed to route chat input
java.lang.NullPointerException: text
	at java.base/java.util.Objects.requireNonNull(Objects.java:259)
	at it.unige.portcommand.nlp.NLPPipeline.processSync(NLPPipeline.java:76)
	at it.unige.portcommand.nlp.NLPPipeline.lambda$processChatInput$0(NLPPipeline.java:71)
	at java.base/java.util.concurrent.CompletableFuture$AsyncSupply.run(CompletableFuture.java:1768)
	at java.base/java.util.concurrent.ThreadPoolExecutor.runWorker(ThreadPoolExecutor.java:1144)
	at java.base/java.util.concurrent.ThreadPoolExecutor$Worker.run(ThreadPoolExecutor.java:642)
	at java.base/java.lang.Thread.run(Thread.java:1583)
00:12:49.199 [pool-18-thread-1] [] WARN  i.unige.portcommand.nlp.NLPPipeline - pipeline failed to route chat input
it.unige.portcommand.nlp.NlpServiceException: rasa returned HTTP 400: {"error": "bad request"}
	at it.unige.portcommand.nlp.RasaBridge.attempt(RasaBridge.java:131)
	at it.unige.portcommand.nlp.RasaBridge.parse(RasaBridge.java:83)
	at it.unige.portcommand.nlp.NLPPipeline.callRasaWithTimeout(NLPPipeline.java:124)
	at it.unige.portcommand.nlp.NLPPipeline.processSync(NLPPipeline.java:85)
	at it.unige.portcommand.nlp.NLPPipeline.lambda$processChatInput$0(NLPPipeline.java:71)
	at java.base/java.util.concurrent.CompletableFuture$AsyncSupply.run(CompletableFuture.java:1768)
	at java.base/java.util.concurrent.ThreadPoolExecutor.runWorker(ThreadPoolExecutor.java:1144)
	at java.base/java.util.concurrent.ThreadPoolExecutor$Worker.run(ThreadPoolExecutor.java:642)
	at java.base/java.lang.Thread.run(Thread.java:1583)
]]></system-out>
  <system-err><![CDATA[]]></system-err>
</testsuite>
