<?xml version="1.0" encoding="UTF-8"?>
<testsuite name="it.unige.portcommand.persistence.LeaderboardSerializationTest" tests="1" skipped="0" failures="0" errors="0" timestamp="2026-07-27T22:12:56" hostname="MOJI" time="0.002">
  <properties/>
  <testcase name="scoreRecordListRoundTripsThroughJacksonWithSnakeCaseKeys()" classname="it.unige.portcommand.persistence.LeaderboardSerializationTest" time="0.002"/>
  <system-out><![CDATA[]]></system-out>
  <system-err><![CDATA[]]></system-err>
</testsuite>
