<?xml version="1.0" encoding="UTF-8"?>
<testsuite name="it.unige.portcommand.util.SimClockRestoreTest" tests="2" skipped="0" failures="0" errors="0" timestamp="2026-07-27T22:12:58" hostname="MOJI" time="0.004">
  <properties/>
  <testcase name="restoreNeverFiresAPhantomMidnightForAlreadySettledDays()" classname="it.unige.portcommand.util.SimClockRestoreTest" time="0.001"/>
  <testcase name="restoreAdoptsInstantAndRateAndStaysPausedUntilResumed()" classname="it.unige.portcommand.util.SimClockRestoreTest" time="0.002"/>
  <system-out><![CDATA[]]></system-out>
  <system-err><![CDATA[]]></system-err>
</testsuite>
