<?xml version="1.0" encoding="UTF-8"?>
<testsuite name="it.unige.portcommand.nlp.ClarificationButtonsTest" tests="2" skipped="0" failures="0" errors="0" timestamp="2026-07-27T22:12:44" hostname="MOJI" time="0.002">
  <properties/>
  <testcase name="defaultOptionsIsExactlyFiveWithNonBlankLabelsAndIntents()" classname="it.unige.portcommand.nlp.ClarificationButtonsTest" time="0.001"/>
  <testcase name="everyMappedIntentIsOneOfTheNineFrozenIntents()" classname="it.unige.portcommand.nlp.ClarificationButtonsTest" time="0.001"/>
  <system-out><![CDATA[]]></system-out>
  <system-err><![CDATA[]]></system-err>
</testsuite>
