<?xml version="1.0" encoding="UTF-8"?>
<testsuite name="it.unige.portcommand.harbourmaster.cnp.CnpRetryBehaviourTest" tests="1" skipped="0" failures="0" errors="0" timestamp="2026-07-27T22:12:41" hostname="MOJI" time="1.799">
  <properties/>
  <testcase name="onWakeReInitiatesTheSameRequestThroughTheCoordinator()" classname="it.unige.portcommand.harbourmaster.cnp.CnpRetryBehaviourTest" time="1.799"/>
  <system-out><![CDATA[00:12:43.487 [Test worker] [] INFO  i.u.p.h.cnp.CnpRetryBehaviour - CNP retry firing for V001
]]></system-out>
  <system-err><![CDATA[Mockito is currently self-attaching to enable the inline-mock-maker. This will no longer work in future releases of the JDK. Please add Mockito as an agent to your build what is described in Mockito's documentation: https://javadoc.io/doc/org.mockito/mockito-core/latest/org/mockito/Mockito.html#0.3
WARNING: A Java agent has been loaded dynamically (C:\Users\aleho\.gradle\caches\modules-2\files-2.1\net.bytebuddy\byte-buddy-agent\1.15.4\58e850dde88f3cf20f41f659440bef33f6c4fe02\byte-buddy-agent-1.15.4.jar)
WARNING: If a serviceability tool is in use, please run with -XX:+EnableDynamicAgentLoading to hide this warning
WARNING: If a serviceability tool is not in use, please run with -Djdk.instrument.traceUsage for more information
WARNING: Dynamic loading of agents will be disallowed by default in a future release
]]></system-err>
</testsuite>
