<?xml version="1.0" encoding="UTF-8"?>
<testsuite name="it.unige.portcommand.gui.TutorialOverlayTest" tests="5" skipped="0" failures="0" errors="0" timestamp="2026-07-27T22:12:40" hostname="MOJI" time="1.175">
  <properties/>
  <testcase name="aWorldSwapClearsTheOverlayImmediately()" classname="it.unige.portcommand.gui.TutorialOverlayTest" time="0.016"/>
  <testcase name="theFinalScriptedStepDismissesItselfSoTheScrimCannotOutliveTheTutorial()" classname="it.unige.portcommand.gui.TutorialOverlayTest" time="0.105"/>
  <testcase name="anIntermediateScriptedStepDoesNotArmTheDismiss()" classname="it.unige.portcommand.gui.TutorialOverlayTest" time="0.352"/>
  <testcase name="manualPagingToTheFINALStepStillWaitsForTheDoneButton()" classname="it.unige.portcommand.gui.TutorialOverlayTest" time="0.351"/>
  <testcase name="manualPagingStillWaitsForTheDoneButton()" classname="it.unige.portcommand.gui.TutorialOverlayTest" time="0.346"/>
  <system-out><![CDATA[]]></system-out>
  <system-err><![CDATA[]]></system-err>
</testsuite>
