<?xml version="1.0" encoding="UTF-8" standalone="yes"?><!DOCTYPE report PUBLIC "-//JACOCO//DTD Report 1.1//EN" "report.dtd"><report name="port-command-genova"><sessioninfo id="Moji-d28f1d77" start="1785190350861" dump="1785190378570"/><sessioninfo id="Moji-8fb67d91" start="1785190449586" dump="1785190462044"/><sessioninfo id="Moji-c8b61e4f" start="1785190462890" dump="1785190473203"/><sessioninfo id="Moji-f89809b" start="1785190474034" dump="1785190475468"/><sessioninfo id="Moji-a333e2fe" start="1785190475751" dump="1785190477418"/><sessioninfo id="Moji-339ed890" start="1785190477701" dump="1785190479151"/><sessioninfo id="Moji-5469fca7" start="1785190479435" dump="1785190485589"/><sessioninfo id="Moji-67ce4a43" start="1785190486402" dump="1785190487785"/><sessioninfo id="Moji-168557e4" start="1785190488069" dump="1785190503431"/><sessioninfo id="Moji-6134c05e" start="1785190504262" dump="1785190505753"/><sessioninfo id="Moji-94892fad" start="1785190506036" dump="1785190507536"/><sessioninfo id="Moji-b77680f5" start="1785190507820" dump="1785190509182"/><sessioninfo id="Moji-9b9ba430" start="1785190509476" dump="1785190511058"/><sessioninfo id="Moji-af929fca" start="1785190511370" dump="1785190649200"/><sessioninfo id="Moji-a8a46c3" start="1785190650032" dump="1785190651471"/><sessioninfo id="Moji-27cf26f6" start="1785190651783" dump="1785190653280"/><sessioninfo id="Moji-2527dc9d" start="1785190653562" dump="1785190655046"/><sessioninfo id="Moji-1f03115c" start="1785190655361" dump="1785190682734"/><sessioninfo id="Moji-cb789847" start="1785190683563" dump="1785190684997"/><sessioninfo id="Moji-c3d82f9f" start="1785190685313" dump="1785190686955"/><sessioninfo id="Moji-d95515aa" start="1785190687230" dump="1785190705548"/><sessioninfo id="Moji-c08a5efc" start="1785190707382" dump="1785190708804"/><sessioninfo id="Moji-87df8a4b" start="1785190709075" dump="1785190733139"/><sessioninfo id="Moji-6e70b284" start="1785190733916" dump="1785190759025"/><sessioninfo id="Moji-368c9175" start="1785190759824" dump="1785190761099"/><sessioninfo id="Moji-ac510844" start="1785190761368" dump="1785190762604"/><sessioninfo id="Moji-d4470af4" start="1785190762858" dump="1785190764017"/><sessioninfo id="Moji-477c9123" start="1785190764265" dump="1785190765469"/><sessioninfo id="Moji-8e3083e7" start="1785190765723" dump="1785190766926"/><sessioninfo id="Moji-dbd6ff41" start="1785190767165" dump="1785190768381"/><sessioninfo id="Moji-c6ecd84f" start="1785190768623" dump="1785190769907"/><sessioninfo id="Moji-905e2598" start="1785190770146" dump="1785190771366"/><sessioninfo id="Moji-7eaa3000" start="1785190771605" dump="1785190772823"/><sessioninfo id="Moji-8965053d" start="1785190773062" dump="1785190774236"/><sessioninfo id="Moji-37856932" start="1785190774473" dump="1785190775678"/><sessioninfo id="Moji-392500fe" start="1785190775956" dump="1785190777153"/><sessioninfo id="Moji-59776e81" start="1785190777407" dump="1785190785543"/><sessioninfo id="Moji-4a8209ee" start="1785190786295" dump="1785190787526"/><sessioninfo id="Moji-e122b868" start="1785190787764" dump="1785190788974"/><sessioninfo id="Moji-2b196f4c" start="1785190789227" dump="1785190790455"/><sessioninfo id="Moji-2d192c8c" start="1785190790724" dump="1785190801839"/><sessioninfo id="Moji-d7097f97" start="1785190802602" dump="1785190803786"/><sessioninfo id="Moji-78b15c6c" start="1785190804040" dump="1785190805243"/><sessioninfo id="Moji-989cc271" start="1785190805498" dump="1785190806682"/><sessioninfo id="Moji-3c7d66b8" start="1785190806935" dump="1785190808230"/><sessioninfo id="Moji-3df64d71" start="1785190808469" dump="1785190809657"/><sessioninfo id="Moji-8be3e54c" start="1785190809912" dump="1785190811067"/><sessioninfo id="Moji-76394cad" start="1785190811320" dump="1785190812571"/><sessioninfo id="Moji-a36fcfff" start="1785190812809" dump="1785190814029"/><sessioninfo id="Moji-d5bbfcca" start="1785190814345" dump="1785190815593"/><sessioninfo id="Moji-b874993b" start="1785190815831" dump="1785190817063"/><sessioninfo id="Moji-2a79e20a" start="1785190817304" dump="1785190818542"/><sessioninfo id="Moji-27bd018" start="1785190818792" dump="1785190820077"/><sessioninfo id="Moji-1f3ae980" start="1785190820311" dump="1785190821499"/><sessioninfo id="Moji-5e0e0441" start="1785190821751" dump="1785190822996"/><sessioninfo id="Moji-de3a2b07" start="1785190823233" dump="1785190824467"/><sessioninfo id="Moji-8a5d04a7" start="1785190824727" dump="1785190825939"/><sessioninfo id="Moji-5d15dd78" start="1785190826210" dump="1785190827428"/><sessioninfo id="Moji-9b708b43" start="1785190827669" dump="1785190828921"/><sessioninfo id="Moji-98d63102" start="1785190829179" dump="1785190830394"/><sessioninfo id="Moji-6ccd5ebc" start="1785190830655" dump="1785190831879"/><sessioninfo id="Moji-4737dc6a" start="1785190832132" dump="1785190833384"/><sessioninfo id="Moji-5c304b67" start="1785190833655" dump="1785190834862"/><sessioninfo id="Moji-caee6ed" start="1785190835115" dump="1785190836389"/><sessioninfo id="Moji-7a48e877" start="1785190836632" dump="1785190837850"/><sessioninfo id="Moji-11722297" start="1785190838104" dump="1785190839327"/><sessioninfo id="Moji-8c253e91" start="1785190839594" dump="1785190840777"/><sessioninfo id="Moji-8857712e" start="1785190841030" dump="1785190842146"/><sessioninfo id="Moji-6de287e9" start="1785190842390" dump="1785190843595"/><sessioninfo id="Moji-cfa5818e" start="1785190843848" dump="1785190845055"/><sessioninfo id="Moji-ea71a6b2" start="1785190845308" dump="1785190846550"/><sessioninfo id="Moji-eaa0654a" start="1785190846811" dump="1785190847955"/><sessioninfo id="Moji-9ffab370" start="1785190848212" dump="1785190849402"/><sessioninfo id="Moji-2bae1183" start="1785190849654" dump="1785190850915"/><sessioninfo id="Moji-bae5a882" start="1785190851183" dump="1785190852444"/><sessioninfo id="Moji-54cc2fb1" start="1785190852705" dump="1785190853916"/><sessioninfo id="Moji-630211b6" start="1785190854184" dump="1785190855402"/><sessioninfo id="Moji-583da39e" start="1785190855657" dump="1785190856852"/><sessioninfo id="Moji-4822ad78" start="1785190857091" dump="1785190858292"/><sessioninfo id="Moji-19a20c7" start="1785190858555" dump="1785190859881"/><sessioninfo id="Moji-16d204ad" start="1785190860113" dump="1785190861390"/><sessioninfo id="Moji-c302aefb" start="1785190861643" dump="1785190867612"/><sessioninfo id="Moji-46fd53aa" start="1785190868382" dump="1785190869582"/><sessioninfo id="Moji-dcfca4bb" start="1785190869834" dump="1785190871038"/><sessioninfo id="Moji-ead5688b" start="1785190871296" dump="1785190872586"/><sessioninfo id="Moji-5902873e" start="1785190872856" dump="1785190874086"/><sessioninfo id="Moji-6817aa3b" start="1785190874424" dump="1785190875705"/><sessioninfo id="Moji-5911e8df" start="1785190875959" dump="1785190877163"/><sessioninfo id="Moji-7587832e" start="1785190877425" dump="1785190878636"/><sessioninfo id="Moji-da2aa022" start="1785190878890" dump="1785190880172"/><sessioninfo id="Moji-d6382699" start="1785190880443" dump="1785190881692"/><sessioninfo id="Moji-bccfb6e0" start="1785190881946" dump="1785190883200"/><sessioninfo id="Moji-de66dfaa" start="1785190883470" dump="1785190884708"/><sessioninfo id="Moji-fa22c6fa" start="1785190884946" dump="1785190886151"/><sessioninfo id="Moji-9c2d50a3" start="1785190886405" dump="1785190887591"/><sessioninfo id="Moji-a7a8bdee" start="1785190887846" dump="1785190889139"/><sessioninfo id="Moji-88f024bd" start="1785190889378" dump="1785190890690"/><sessioninfo id="Moji-27bdf4aa" start="1785190890978" dump="1785190892190"/><sessioninfo id="Moji-7b3c84b2" start="1785190892445" dump="1785190893672"/><sessioninfo id="Moji-5d889a9d" start="1785190893927" dump="1785190895161"/><sessioninfo id="Moji-f60e6131" start="1785190895415" dump="1785190896683"/><sessioninfo id="Moji-2d14f3e7" start="1785190896931" dump="1785190898174"/><sessioninfo id="Moji-27da920b" start="1785190898443" dump="1785190900576"/><sessioninfo id="Moji-36a0374e" start="1785190900911" dump="1785190904178"/><sessioninfo id="Moji-c5c864e3" start="1785190904939" dump="1785190906171"/><sessioninfo id="Moji-6298f07b" start="1785190906410" dump="1785190907628"/><sessioninfo id="Moji-9ed4d30d" start="1785190907866" dump="1785190909116"/><sessioninfo id="Moji-95aa5210" start="1785190909374" dump="1785190911845"/><sessioninfo id="Moji-50facd5" start="1785190912125" dump="1785190913371"/><sessioninfo id="Moji-7c84f849" start="1785190913624" dump="1785190914825"/><sessioninfo id="Moji-106cfd56" start="1785190915111" dump="1785190916377"/><sessioninfo id="Moji-3d4961e8" start="1785190916617" dump="1785190917852"/><sessioninfo id="Moji-1fd68923" start="1785190918107" dump="1785190919330"/><sessioninfo id="Moji-9df24a5f" start="1785190919580" dump="1785190921926"/><sessioninfo id="Moji-5c24ccf6" start="1785190922213" dump="1785190924879"/><sessioninfo id="Moji-f3845bff" start="1785190925148" dump="1785190927118"/><sessioninfo id="Moji-f847ee0e" start="1785190927396" dump="1785191266438"/><sessioninfo id="Moji-6e01c8dc" start="1785191267211" dump="1785191270786"/><sessioninfo id="Moji-c92ebd5c" start="1785191271544" dump="1785191276643"/><sessioninfo id="Moji-8133c8c0" start="1785191277410" dump="1785191278659"/><sessioninfo id="Moji-46d828d8" start="1785191278924" dump="1785191280159"/><sessioninfo id="Moji-3f60d320" start="1785191280434" dump="1785191281728"/><sessioninfo id="Moji-7d17fd7" start="1785191282009" dump="1785191283253"/><sessioninfo id="Moji-b9b54ca0" start="1785191283498" dump="1785191284622"/><sessioninfo id="Moji-de1c0870" start="1785191284883" dump="1785191286028"/><sessioninfo id="Moji-60bb8724" start="1785191286282" dump="1785191287579"/><sessioninfo id="Moji-c4762d7b" start="1785191287856" dump="1785191289099"/><sessioninfo id="Moji-f8066e7" start="1785191289370" dump="1785191290635"/><sessioninfo id="Moji-bb600160" start="1785191290889" dump="1785191292111"/><sessioninfo id="Moji-7dd92a47" start="1785191292349" dump="1785191293554"/><sessioninfo id="Moji-4d25bd8" start="1785191293824" dump="1785191307747"/><sessioninfo id="Moji-5523ddbe" start="1785191308517" dump="1785191323388"/><sessioninfo id="Moji-e45173e0" start="1785191324174" dump="1785191325448"/><sessioninfo id="Moji-2c062616" start="1785191325705" dump="1785191326919"/><sessioninfo id="Moji-aead84b9" start="1785191327188" dump="1785191328404"/><sessioninfo id="Moji-5faa8653" start="1785191328658" dump="1785191330993"/><sessioninfo id="Moji-fcb84c33" start="1785191331256" dump="1785191332369"/><sessioninfo id="Moji-305f61ab" start="1785191332622" dump="1785191334523"/><sessioninfo id="Moji-ccd03392" start="1785191334818" dump="1785191335992"/><sessioninfo id="Moji-840519d9" start="1785191336257" dump="1785191337364"/><sessioninfo id="Moji-f6ce126c" start="1785191337637" dump="1785191342872"/><sessioninfo id="Moji-22b251b" start="1785191343621" dump="1785191344842"/><sessioninfo id="Moji-d12c4a51" start="1785191345127" dump="1785191346347"/><sessioninfo id="Moji-77bbb441" start="1785191346584" dump="1785191363573"/><sessioninfo id="Moji-563d10e6" start="1785191364382" dump="1785191365651"/><sessioninfo id="Moji-fdc4807f" start="1785191365900" dump="1785191464715"/><sessioninfo id="Moji-6265a9d7" start="1785191465492" dump="1785191466567"/><sessioninfo id="Moji-615053de" start="1785191466837" dump="1785191467993"/><sessioninfo id="Moji-ed003468" start="1785191468244" dump="1785191469338"/><sessioninfo id="Moji-7ac84e0e" start="1785191469574" dump="1785191470750"/><sessioninfo id="Moji-5d2577b8" start="1785191471030" dump="1785191472139"/><sessioninfo id="Moji-1402d9d2" start="1785191472391" dump="1785191473597"/><sessioninfo id="Moji-25daf815" start="1785191473846" dump="1785191475249"/><sessioninfo id="Moji-db060714" start="1785191475503" dump="1785191476719"/><sessioninfo id="Moji-31f88049" start="1785191476973" dump="1785191478164"/><sessioninfo id="Moji-df32dfc7" start="1785191478399" dump="1785191479652"/><sessioninfo id="Moji-22f07def" start="1785191479951" dump="1785191481236"/><package name="it/unige/portcommand"><class name="it/unige/portcommand/Main" sourcefilename="Main.java"><method name="main" desc="([Ljava/lang/String;)V" line="38"><counter type="INSTRUCTION" missed="89" covered="0"/><counter type="BRANCH" missed="14" covered="0"/><counter type="LINE" missed="23" covered="0"/><counter type="COMPLEXITY" missed="8" covered="0"/><counter type="METHOD" missed="1" covered="0"/></method><method name="applyDayLengthOverride" desc="(Ljava/util/List;)V" line="90"><counter type="INSTRUCTION" missed="46" covered="0"/><counter type="BRANCH" missed="6" covered="0"/><counter type="LINE" missed="11" covered="0"/><counter type="COMPLEXITY" missed="4" covered="0"/><counter type="METHOD" missed="1" covered="0"/></method><method name="loadPathArg" desc="(Ljava/util/List;)Ljava/nio/file/Path;" line="110"><counter type="INSTRUCTION" missed="29" covered="0"/><counter type="BRANCH" missed="4" covered="0"/><counter type="LINE" missed="6" covered="0"/><counter type="COMPLEXITY" missed="3" covered="0"/><counter type="METHOD" missed="1" covered="0"/></method><method name="scenarioArg" desc="(Ljava/util/List;)Ljava/lang/String;" line="122"><counter type="INSTRUCTION" missed="26" covered="0"/><counter type="BRANCH" missed="4" covered="0"/><counter type="LINE" missed="6" covered="0"/><counter type="COMPLEXITY" missed="3" covered="0"/><counter type="METHOD" missed="1" covered="0"/></method><method name="lambda$main$0" desc="(Lit/unige/portcommand/bootstrap/JadeBootstrap;Lit/unige/portcommand/persistence/GameSession;Lit/unige/portcommand/harbourmaster/financial/Leaderboard;)V" line="71"><counter type="INSTRUCTION" missed="25" covered="0"/><counter type="LINE" missed="4" covered="0"/><counter type="COMPLEXITY" missed="1" covered="0"/><counter type="METHOD" missed="1" covered="0"/></method><counter type="INSTRUCTION" missed="215" covered="0"/><counter type="BRANCH" missed="28" covered="0"/><counter type="LINE" missed="49" covered="0"/><counter type="COMPLEXITY" missed="19" covered="0"/><counter type="METHOD" missed="5" covered="0"/><counter type="CLASS" missed="1" covered="0"/></class><sourcefile name="Main.java"><line nr="38" mi="3" ci="0" mb="0" cb="0"/><line nr="41" mi="4" ci="0" mb="2" cb="0"/><line nr="42" mi="6" ci="0" mb="2" cb="0"/><line nr="44" mi="4" ci="0" mb="0" cb="0"/><line nr="45" mi="2" ci="0" mb="0" cb="0"/><line nr="46" mi="3" ci="0" mb="0" cb="0"/><line nr="47" mi="3" ci="0" mb="0" cb="0"/><line nr="48" mi="4" ci="0" mb="4" cb="0"/><line nr="49" mi="5" ci="0" mb="0" cb="0"/><line nr="52" mi="2" ci="0" mb="0" cb="0"/><line nr="53" mi="4" ci="0" mb="0" cb="0"/><line nr="54" mi="11" ci="0" mb="0" cb="0"/><line nr="59" mi="4" ci="0" mb="0" cb="0"/><line nr="60" mi="10" ci="0" mb="0" cb="0"/><line nr="61" mi="2" ci="0" mb="2" cb="0"/><line nr="62" mi="4" ci="0" mb="0" cb="0"/><line nr="63" mi="2" ci="0" mb="2" cb="0"/><line nr="64" mi="4" ci="0" mb="0" cb="0"/><line nr="67" mi="2" ci="0" mb="0" cb="0"/><line nr="70" mi="2" ci="0" mb="2" cb="0"/><line nr="71" mi="13" ci="0" mb="0" cb="0"/><line nr="72" mi="11" ci="0" mb="0" cb="0"/><line nr="73" mi="5" ci="0" mb="0" cb="0"/><line nr="74" mi="1" ci="0" mb="0" cb="0"/><line nr="80" mi="2" ci="0" mb="0" cb="0"/><line nr="81" mi="1" ci="0" mb="0" cb="0"/><line nr="90" mi="4" ci="0" mb="0" cb="0"/><line nr="91" mi="2" ci="0" mb="2" cb="0"/><line nr="92" mi="1" ci="0" mb="0" cb="0"/><line nr="94" mi="6" ci="0" mb="2" cb="0"/><line nr="95" mi="5" ci="0" mb="0" cb="0"/><line nr="97" mi="8" ci="0" mb="0" cb="0"/><line nr="98" mi="4" ci="0" mb="2" cb="0"/><line nr="99" mi="6" ci="0" mb="0" cb="0"/><line nr="101" mi="5" ci="0" mb="0" cb="0"/><line nr="105" mi="4" ci="0" mb="0" cb="0"/><line nr="106" mi="1" ci="0" mb="0" cb="0"/><line nr="110" mi="4" ci="0" mb="0" cb="0"/><line nr="111" mi="2" ci="0" mb="2" cb="0"/><line nr="112" mi="2" ci="0" mb="0" cb="0"/><line nr="114" mi="6" ci="0" mb="2" cb="0"/><line nr="115" mi="5" ci="0" mb="0" cb="0"/><line nr="117" mi="10" ci="0" mb="0" cb="0"/><line nr="122" mi="4" ci="0" mb="0" cb="0"/><line nr="123" mi="2" ci="0" mb="2" cb="0"/><line nr="124" mi="2" ci="0" mb="0" cb="0"/><line nr="126" mi="6" ci="0" mb="2" cb="0"/><line nr="127" mi="5" ci="0" mb="0" cb="0"/><line nr="130" mi="7" ci="0" mb="0" cb="0"/><counter type="INSTRUCTION" missed="215" covered="0"/><counter type="BRANCH" missed="28" covered="0"/><counter type="LINE" missed="49" covered="0"/><counter type="COMPLEXITY" missed="19" covered="0"/><counter type="METHOD" missed="5" covered="0"/><counter type="CLASS" missed="1" covered="0"/></sourcefile><counter type="INSTRUCTION" missed="215" covered="0"/><counter type="BRANCH" missed="28" covered="0"/><counter type="LINE" missed="49" covered="0"/><counter type="COMPLEXITY" missed="19" covered="0"/><counter type="METHOD" missed="5" covered="0"/><counter type="CLASS" missed="1" covered="0"/></package><package name="it/unige/portcommand/behaviours"><class name="it/unige/portcommand/behaviours/DebugWeatherOverrideBehaviour" sourcefilename="DebugWeatherOverrideBehaviour.java"><method name="&lt;init&gt;" desc="(Ljade/core/Agent;Ljava/util/concurrent/atomic/AtomicReference;Lit/unige/portcommand/util/SimClock;Lit/unige/portcommand/util/EventBus;)V" line="42"><counter type="INSTRUCTION" missed="0" covered="17"/><counter type="LINE" missed="0" covered="6"/><counter type="COMPLEXITY" missed="0" covered="1"/><counter type="METHOD" missed="0" covered="1"/></method><method name="action" desc="()V" line="51"><counter type="INSTRUCTION" missed="0" covered="10"/><counter type="LINE" missed="0" covered="2"/><counter type="COMPLEXITY" missed="0" covered="1"/><counter type="METHOD" missed="0" covered="1"/></method><method name="cancelSubscription" desc="()V" line="56"><counter type="INSTRUCTION" missed="0" covered="8"/><counter type="BRANCH" missed="1" covered="1"/><counter type="LINE" missed="0" covered="4"/><counter type="COMPLEXITY" missed="1" covered="1"/><counter type="METHOD" missed="0" covered="1"/></method><method name="onOverride" desc="(Lit/unige/portcommand/gui/events/DebugWeatherEvent;)V" line="64"><counter type="INSTRUCTION" missed="0" covered="52"/><counter type="LINE" missed="0" covered="6"/><counter type="COMPLEXITY" missed="0" covered="1"/><counter type="METHOD" missed="0" covered="1"/></method><method name="&lt;clinit&gt;" desc="()V" line="29"><counter type="INSTRUCTION" missed="0" covered="4"/><counter type="LINE" missed="0" covered="1"/><counter type="COMPLEXITY" missed="0" covered="1"/><counter type="METHOD" missed="0" covered="1"/></method><counter type="INSTRUCTION" missed="0" covered="91"/><counter type="BRANCH" missed="1" covered="1"/><counter type="LINE" missed="0" covered="19"/><counter type="COMPLEXITY" missed="1" covered="5"/><counter type="METHOD" missed="0" covered="5"/><counter type="CLASS" missed="0" covered="1"/></class><class name="it/unige/portcommand/behaviours/RestoreDispatchBehaviour" sourcefilename="RestoreDispatchBehaviour.java"><method name="&lt;init&gt;" desc="(Lit/unige/portcommand/agents/HarbourMasterAgent;)V" line="53"><counter type="INSTRUCTION" missed="0" covered="7"/><counter type="LINE" missed="0" covered="3"/><counter type="COMPLEXITY" missed="0" covered="1"/><counter type="METHOD" missed="0" covered="1"/></method><method name="action" desc="()V" line="59"><counter type="INSTRUCTION" missed="0" covered="4"/><counter type="LINE" missed="0" covered="2"/><counter type="COMPLEXITY" missed="0" covered="1"/><counter type="METHOD" missed="0" covered="1"/></method><method name="dispatchWhenFleetVisible" desc="(I)V" line="63"><counter type="INSTRUCTION" missed="4" covered="43"/><counter type="BRANCH" missed="4" covered="8"/><counter type="LINE" missed="1" covered="9"/><counter type="COMPLEXITY" missed="4" covered="3"/><counter type="METHOD" missed="0" covered="1"/></method><method name="redispatchTugless" desc="()V" line="83"><counter type="INSTRUCTION" missed="1" covered="67"/><counter type="BRANCH" missed="2" covered="4"/><counter type="LINE" missed="1" covered="15"/><counter type="COMPLEXITY" missed="2" covered="2"/><counter type="METHOD" missed="0" covered="1"/></method><method name="resendPendingCustoms" desc="()V" line="103"><counter type="INSTRUCTION" missed="73" covered="14"/><counter type="BRANCH" missed="5" covered="1"/><counter type="LINE" missed="19" covered="3"/><counter type="COMPLEXITY" missed="3" covered="1"/><counter type="METHOD" missed="0" covered="1"/></method><method name="lambda$redispatchTugless$2" desc="(Lit/unige/portcommand/harbourmaster/VesselTracking;)Z" line="86"><counter type="INSTRUCTION" missed="1" covered="6"/><counter type="BRANCH" missed="1" covered="1"/><counter type="LINE" missed="0" covered="1"/><counter type="COMPLEXITY" missed="1" covered="1"/><counter type="METHOD" missed="0" covered="1"/></method><method name="lambda$redispatchTugless$1" desc="(Lit/unige/portcommand/harbourmaster/VesselTracking;)Z" line="85"><counter type="INSTRUCTION" missed="0" covered="4"/><counter type="LINE" missed="0" covered="1"/><counter type="COMPLEXITY" missed="0" covered="1"/><counter type="METHOD" missed="0" covered="1"/></method><method name="lambda$redispatchTugless$0" desc="(Lit/unige/portcommand/harbourmaster/VesselTracking;)Z" line="84"><counter type="INSTRUCTION" missed="0" covered="8"/><counter type="BRANCH" missed="0" covered="2"/><counter type="LINE" missed="0" covered="1"/><counter type="COMPLEXITY" missed="0" covered="2"/><counter type="METHOD" missed="0" covered="1"/></method><method name="&lt;clinit&gt;" desc="()V" line="46"><counter type="INSTRUCTION" missed="0" covered="4"/><counter type="LINE" missed="0" covered="1"/><counter type="COMPLEXITY" missed="0" covered="1"/><counter type="METHOD" missed="0" covered="1"/></method><counter type="INSTRUCTION" missed="79" covered="157"/><counter type="BRANCH" missed="12" covered="16"/><counter type="LINE" missed="21" covered="33"/><counter type="COMPLEXITY" missed="10" covered="13"/><counter type="METHOD" missed="0" covered="9"/><counter type="CLASS" missed="0" covered="1"/></class><class name="it/unige/portcommand/behaviours/SimTickerBehaviour" sourcefilename="SimTickerBehaviour.java"><method name="&lt;init&gt;" desc="(Ljade/core/Agent;Lit/unige/portcommand/util/SimClock;J)V" line="24"><counter type="INSTRUCTION" missed="0" covered="10"/><counter type="LINE" missed="0" covered="3"/><counter type="COMPLEXITY" missed="0" covered="1"/><counter type="METHOD" missed="0" covered="1"/></method><method name="wallPeriodMs" desc="(Lit/unige/portcommand/util/SimClock;J)J" line="30"><counter type="INSTRUCTION" missed="0" covered="8"/><counter type="LINE" missed="0" covered="1"/><counter type="COMPLEXITY" missed="0" covered="1"/><counter type="METHOD" missed="0" covered="1"/></method><method name="onTick" desc="()V" line="35"><counter type="INSTRUCTION" missed="0" covered="3"/><counter type="LINE" missed="0" covered="2"/><counter type="COMPLEXITY" missed="0" covered="1"/><counter type="METHOD" missed="0" covered="1"/></method><method name="simClock" desc="()Lit/unige/portcommand/util/SimClock;" line="43"><counter type="INSTRUCTION" missed="0" covered="3"/><counter type="LINE" missed="0" covered="1"/><counter type="COMPLEXITY" missed="0" covered="1"/><counter type="METHOD" missed="0" covered="1"/></method><counter type="INSTRUCTION" missed="0" covered="24"/><counter type="LINE" missed="0" covered="7"/><counter type="COMPLEXITY" missed="0" covered="4"/><counter type="METHOD" missed="0" covered="4"/><counter type="CLASS" missed="0" covered="1"/></class><class name="it/unige/portcommand/behaviours/RestoreDispatchBehaviour$1" sourcefilename="RestoreDispatchBehaviour.java"><method name="&lt;init&gt;" desc="(Lit/unige/portcommand/behaviours/RestoreDispatchBehaviour;Ljade/core/Agent;JI)V" line="66"><counter type="INSTRUCTION" missed="0" covered="11"/><counter type="LINE" missed="0" covered="1"/><counter type="COMPLEXITY" missed="0" covered="1"/><counter type="METHOD" missed="0" covered="1"/></method><method name="onWake" desc="()V" line="69"><counter type="INSTRUCTION" missed="0" covered="8"/><counter type="LINE" missed="0" covered="2"/><counter type="COMPLEXITY" missed="0" covered="1"/><counter type="METHOD" missed="0" covered="1"/></method><counter type="INSTRUCTION" missed="0" covered="19"/><counter type="LINE" missed="0" covered="3"/><counter type="COMPLEXITY" missed="0" covered="2"/><counter type="METHOD" missed="0" covered="2"/><counter type="CLASS" missed="0" covered="1"/></class><class name="it/unige/portcommand/behaviours/SimClockTickPublisherBehaviour" sourcefilename="SimClockTickPublisherBehaviour.java"><method name="&lt;init&gt;" desc="(Ljade/core/Agent;Lit/unige/portcommand/util/SimClock;Lit/unige/portcommand/util/EventBus;)V" line="32"><counter type="INSTRUCTION" missed="0" covered="12"/><counter type="LINE" missed="0" covered="4"/><counter type="COMPLEXITY" missed="0" covered="1"/><counter type="METHOD" missed="0" covered="1"/></method><method name="onSimTick" desc="()V" line="41"><counter type="INSTRUCTION" missed="0" covered="35"/><counter type="BRANCH" missed="0" covered="2"/><counter type="LINE" missed="0" covered="6"/><counter type="COMPLEXITY" missed="0" covered="2"/><counter type="METHOD" missed="0" covered="1"/></method><counter type="INSTRUCTION" missed="0" covered="47"/><counter type="BRANCH" missed="0" covered="2"/><counter type="LINE" missed="0" covered="10"/><counter type="COMPLEXITY" missed="0" covered="3"/><counter type="METHOD" missed="0" covered="2"/><counter type="CLASS" missed="0" covered="1"/></class><sourcefile name="RestoreDispatchBehaviour.java"><line nr="46" mi="0" ci="4" mb="0" cb="0"/><line nr="53" mi="0" ci="3" mb="0" cb="0"/><line nr="54" mi="0" ci="3" mb="0" cb="0"/><line nr="55" mi="0" ci="1" mb="0" cb="0"/><line nr="59" mi="0" ci="3" mb="0" cb="0"/><line nr="60" mi="0" ci="1" mb="0" cb="0"/><line nr="63" mi="0" ci="11" mb="0" cb="2"/><line nr="64" mi="1" ci="7" mb="1" cb="1"/><line nr="65" mi="0" ci="6" mb="2" cb="4"/><line nr="66" mi="0" ci="22" mb="0" cb="0"/><line nr="69" mi="0" ci="7" mb="0" cb="0"/><line nr="70" mi="0" ci="1" mb="0" cb="0"/><line nr="72" mi="0" ci="1" mb="0" cb="0"/><line nr="74" mi="0" ci="2" mb="1" cb="1"/><line nr="75" mi="3" ci="0" mb="0" cb="0"/><line nr="78" mi="0" ci="2" mb="0" cb="0"/><line nr="79" mi="0" ci="2" mb="0" cb="0"/><line nr="80" mi="0" ci="1" mb="0" cb="0"/><line nr="83" mi="0" ci="6" mb="0" cb="0"/><line nr="84" mi="0" ci="10" mb="0" cb="2"/><line nr="85" mi="0" ci="6" mb="0" cb="0"/><line nr="86" mi="1" ci="8" mb="1" cb="1"/><line nr="87" mi="0" ci="2" mb="0" cb="0"/><line nr="88" mi="0" ci="2" mb="0" cb="0"/><line nr="89" mi="0" ci="10" mb="0" cb="2"/><line nr="90" mi="0" ci="6" mb="0" cb="0"/><line nr="91" mi="0" ci="5" mb="0" cb="0"/><line nr="92" mi="0" ci="5" mb="2" cb="2"/><line nr="93" mi="1" ci="0" mb="0" cb="0"/><line nr="95" mi="0" ci="12" mb="0" cb="0"/><line nr="97" mi="0" ci="4" mb="0" cb="0"/><line nr="98" mi="0" ci="7" mb="0" cb="0"/><line nr="99" mi="0" ci="1" mb="0" cb="0"/><line nr="100" mi="0" ci="1" mb="0" cb="0"/><line nr="103" mi="4" ci="10" mb="1" cb="1"/><line nr="104" mi="0" ci="3" mb="0" cb="0"/><line nr="105" mi="8" ci="0" mb="0" cb="0"/><line nr="106" mi="2" ci="0" mb="2" cb="0"/><line nr="107" mi="7" ci="0" mb="0" cb="0"/><line nr="108" mi="1" ci="0" mb="0" cb="0"/><line nr="110" mi="4" ci="0" mb="0" cb="0"/><line nr="111" mi="2" ci="0" mb="2" cb="0"/><line nr="112" mi="5" ci="0" mb="0" cb="0"/><line nr="113" mi="1" ci="0" mb="0" cb="0"/><line nr="115" mi="3" ci="0" mb="0" cb="0"/><line nr="116" mi="3" ci="0" mb="0" cb="0"/><line nr="117" mi="5" ci="0" mb="0" cb="0"/><line nr="118" mi="3" ci="0" mb="0" cb="0"/><line nr="119" mi="6" ci="0" mb="0" cb="0"/><line nr="120" mi="3" ci="0" mb="0" cb="0"/><line nr="121" mi="4" ci="0" mb="0" cb="0"/><line nr="122" mi="2" ci="0" mb="0" cb="0"/><line nr="123" mi="4" ci="0" mb="0" cb="0"/><line nr="124" mi="5" ci="0" mb="0" cb="0"/><line nr="125" mi="1" ci="0" mb="0" cb="0"/><line nr="126" mi="0" ci="1" mb="0" cb="0"/><counter type="INSTRUCTION" missed="79" covered="176"/><counter type="BRANCH" missed="12" covered="16"/><counter type="LINE" missed="21" covered="35"/><counter type="COMPLEXITY" missed="10" covered="15"/><counter type="METHOD" missed="0" covered="11"/><counter type="CLASS" missed="0" covered="2"/></sourcefile><sourcefile name="DebugWeatherOverrideBehaviour.java"><line nr="29" mi="0" ci="4" mb="0" cb="0"/><line nr="42" mi="0" ci="3" mb="0" cb="0"/><line nr="43" mi="0" ci="3" mb="0" cb="0"/><line nr="44" mi="0" ci="3" mb="0" cb="0"/><line nr="45" mi="0" ci="3" mb="0" cb="0"/><line nr="46" mi="0" ci="4" mb="0" cb="0"/><line nr="47" mi="0" ci="1" mb="0" cb="0"/><line nr="51" mi="0" ci="9" mb="0" cb="0"/><line nr="52" mi="0" ci="1" mb="0" cb="0"/><line nr="56" mi="0" ci="3" mb="0" cb="0"/><line nr="57" mi="0" ci="2" mb="1" cb="1"/><line nr="58" mi="0" ci="2" mb="0" cb="0"/><line nr="60" mi="0" ci="1" mb="0" cb="0"/><line nr="64" mi="0" ci="9" mb="0" cb="0"/><line nr="65" mi="0" ci="6" mb="0" cb="0"/><line nr="66" mi="0" ci="4" mb="0" cb="0"/><line nr="67" mi="0" ci="13" mb="0" cb="0"/><line nr="68" mi="0" ci="19" mb="0" cb="0"/><line nr="69" mi="0" ci="1" mb="0" cb="0"/><counter type="INSTRUCTION" missed="0" covered="91"/><counter type="BRANCH" missed="1" covered="1"/><counter type="LINE" missed="0" covered="19"/><counter type="COMPLEXITY" missed="1" covered="5"/><counter type="METHOD" missed="0" covered="5"/><counter type="CLASS" missed="0" covered="1"/></sourcefile><sourcefile name="SimClockTickPublisherBehaviour.java"><line nr="32" mi="0" ci="3" mb="0" cb="0"/><line nr="35" mi="0" ci="5" mb="0" cb="0"/><line nr="36" mi="0" ci="3" mb="0" cb="0"/><line nr="37" mi="0" ci="1" mb="0" cb="0"/><line nr="41" mi="0" ci="4" mb="0" cb="0"/><line nr="42" mi="0" ci="5" mb="0" cb="2"/><line nr="43" mi="0" ci="1" mb="0" cb="0"/><line nr="45" mi="0" ci="3" mb="0" cb="0"/><line nr="46" mi="0" ci="21" mb="0" cb="0"/><line nr="48" mi="0" ci="1" mb="0" cb="0"/><counter type="INSTRUCTION" missed="0" covered="47"/><counter type="BRANCH" missed="0" covered="2"/><counter type="LINE" missed="0" covered="10"/><counter type="COMPLEXITY" missed="0" covered="3"/><counter type="METHOD" missed="0" covered="2"/><counter type="CLASS" missed="0" covered="1"/></sourcefile><sourcefile name="SimTickerBehaviour.java"><line nr="24" mi="0" ci="6" mb="0" cb="0"/><line nr="25" mi="0" ci="3" mb="0" cb="0"/><line nr="26" mi="0" ci="1" mb="0" cb="0"/><line nr="30" mi="0" ci="8" mb="0" cb="0"/><line nr="35" mi="0" ci="2" mb="0" cb="0"/><line nr="36" mi="0" ci="1" mb="0" cb="0"/><line nr="43" mi="0" ci="3" mb="0" cb="0"/><counter type="INSTRUCTION" missed="0" covered="24"/><counter type="LINE" missed="0" covered="7"/><counter type="COMPLEXITY" missed="0" covered="4"/><counter type="METHOD" missed="0" covered="4"/><counter type="CLASS" missed="0" covered="1"/></sourcefile><counter type="INSTRUCTION" missed="79" covered="338"/><counter type="BRANCH" missed="13" covered="19"/><counter type="LINE" missed="21" covered="71"/><counter type="COMPLEXITY" missed="11" covered="27"/><counter type="METHOD" missed="0" covered="22"/><counter type="CLASS" missed="0" covered="5"/></package><package name="it/unige/portcommand/core"><class name="it/unige/portcommand/core/Settings" sourcefilename="Settings.java"><method name="&lt;init&gt;" desc="(IIZLjava/lang/String;JIZLjava/lang/String;DIIDD)V" line="54"><counter type="INSTRUCTION" missed="30" covered="66"/><counter type="BRANCH" missed="7" covered="7"/><counter type="LINE" missed="5" covered="7"/><counter type="COMPLEXITY" missed="7" covered="1"/><counter type="METHOD" missed="0" covered="1"/></method><method name="defaults" desc="()Lit/unige/portcommand/core/Settings;" line="74"><counter type="INSTRUCTION" missed="0" covered="17"/><counter type="LINE" missed="0" covered="1"/><counter type="COMPLEXITY" missed="0" covered="1"/><counter type="METHOD" missed="0" covered="1"/></method><method name="load" desc="()Lit/unige/portcommand/core/Settings;" line="80"><counter type="INSTRUCTION" missed="0" covered="2"/><counter type="LINE" missed="0" covered="1"/><counter type="COMPLEXITY" missed="0" covered="1"/><counter type="METHOD" missed="0" covered="1"/></method><method name="readFromClasspath" desc="()Lit/unige/portcommand/core/Settings;" line="84"><counter type="INSTRUCTION" missed="12" covered="16"/><counter type="BRANCH" missed="1" covered="1"/><counter type="LINE" missed="3" covered="3"/><counter type="COMPLEXITY" missed="1" covered="1"/><counter type="METHOD" missed="0" covered="1"/></method><method name="&lt;clinit&gt;" desc="()V" line="51"><counter type="INSTRUCTION" missed="0" covered="8"/><counter type="LINE" missed="0" covered="2"/><counter type="COMPLEXITY" missed="0" covered="1"/><counter type="METHOD" missed="0" covered="1"/></method><counter type="INSTRUCTION" missed="42" covered="109"/><counter type="BRANCH" missed="8" covered="8"/><counter type="LINE" missed="8" covered="14"/><counter type="COMPLEXITY" missed="8" covered="5"/><counter type="METHOD" missed="0" covered="5"/><counter type="CLASS" missed="0" covered="1"/></class><class name="it/unige/portcommand/core/TerminalJson" sourcefilename="TerminalJson.java"><method name="write" desc="(Ljava/lang/Object;)Ljava/lang/String;" line="23"><counter type="INSTRUCTION" missed="9" covered="4"/><counter type="LINE" missed="2" covered="1"/><counter type="COMPLEXITY" missed="0" covered="1"/><counter type="METHOD" missed="0" covered="1"/></method><method name="readOrNull" desc="(Ljava/lang/String;Ljava/lang/Class;)Ljava/lang/Object;" line="30"><counter type="INSTRUCTION" missed="3" covered="12"/><counter type="BRANCH" missed="1" covered="3"/><counter type="LINE" missed="2" covered="3"/><counter type="COMPLEXITY" missed="1" covered="2"/><counter type="METHOD" missed="0" covered="1"/></method><method name="readTreeOrNull" desc="(Ljava/lang/String;)Lcom/fasterxml/jackson/databind/JsonNode;" line="41"><counter type="INSTRUCTION" missed="0" covered="14"/><counter type="BRANCH" missed="1" covered="3"/><counter type="LINE" missed="0" covered="5"/><counter type="COMPLEXITY" missed="1" covered="2"/><counter type="METHOD" missed="0" covered="1"/></method><method name="treeToOrNull" desc="(Lcom/fasterxml/jackson/databind/JsonNode;Ljava/lang/Class;)Ljava/lang/Object;" line="61"><counter type="INSTRUCTION" missed="5" covered="13"/><counter type="BRANCH" missed="3" covered="3"/><counter type="LINE" missed="3" covered="2"/><counter type="COMPLEXITY" missed="3" covered="1"/><counter type="METHOD" missed="0" covered="1"/></method><method name="&lt;clinit&gt;" desc="()V" line="16"><counter type="INSTRUCTION" missed="0" covered="5"/><counter type="LINE" missed="0" covered="1"/><counter type="COMPLEXITY" missed="0" covered="1"/><counter type="METHOD" missed="0" covered="1"/></method><counter type="INSTRUCTION" missed="17" covered="48"/><counter type="BRANCH" missed="5" covered="9"/><counter type="LINE" missed="7" covered="12"/><counter type="COMPLEXITY" missed="5" covered="7"/><counter type="METHOD" missed="0" covered="5"/><counter type="CLASS" missed="0" covered="1"/></class><class name="it/unige/portcommand/core/MessageFactory" sourcefilename="MessageFactory.java"><method name="create" desc="(I)Ljade/lang/acl/ACLMessage;" line="29"><counter type="INSTRUCTION" missed="0" covered="13"/><counter type="LINE" missed="0" covered="4"/><counter type="COMPLEXITY" missed="0" covered="1"/><counter type="METHOD" missed="0" covered="1"/></method><method name="reply" desc="(Ljade/lang/acl/ACLMessage;I)Ljade/lang/acl/ACLMessage;" line="44"><counter type="INSTRUCTION" missed="0" covered="14"/><counter type="LINE" missed="0" covered="5"/><counter type="COMPLEXITY" missed="0" covered="1"/><counter type="METHOD" missed="0" covered="1"/></method><counter type="INSTRUCTION" missed="0" covered="27"/><counter type="LINE" missed="0" covered="9"/><counter type="COMPLEXITY" missed="0" covered="2"/><counter type="METHOD" missed="0" covered="2"/><counter type="CLASS" missed="0" covered="1"/></class><sourcefile name="TerminalJson.java"><line nr="16" mi="0" ci="5" mb="0" cb="0"/><line nr="23" mi="0" ci="4" mb="0" cb="0"/><line nr="24" mi="1" ci="0" mb="0" cb="0"/><line nr="25" mi="8" ci="0" mb="0" cb="0"/><line nr="30" mi="0" ci="5" mb="1" cb="3"/><line nr="31" mi="0" ci="2" mb="0" cb="0"/><line nr="34" mi="0" ci="5" mb="0" cb="0"/><line nr="35" mi="1" ci="0" mb="0" cb="0"/><line nr="36" mi="2" ci="0" mb="0" cb="0"/><line nr="41" mi="0" ci="5" mb="1" cb="3"/><line nr="42" mi="0" ci="2" mb="0" cb="0"/><line nr="45" mi="0" ci="4" mb="0" cb="0"/><line nr="46" mi="0" ci="1" mb="0" cb="0"/><line nr="47" mi="0" ci="2" mb="0" cb="0"/><line nr="61" mi="0" ci="8" mb="3" cb="3"/><line nr="62" mi="2" ci="0" mb="0" cb="0"/><line nr="65" mi="0" ci="5" mb="0" cb="0"/><line nr="66" mi="1" ci="0" mb="0" cb="0"/><line nr="67" mi="2" ci="0" mb="0" cb="0"/><counter type="INSTRUCTION" missed="17" covered="48"/><counter type="BRANCH" missed="5" covered="9"/><counter type="LINE" missed="7" covered="12"/><counter type="COMPLEXITY" missed="5" covered="7"/><counter type="METHOD" missed="0" covered="5"/><counter type="CLASS" missed="0" covered="1"/></sourcefile><sourcefile name="MessageFactory.java"><line nr="29" mi="0" ci="5" mb="0" cb="0"/><line nr="30" mi="0" ci="3" mb="0" cb="0"/><line nr="31" mi="0" ci="3" mb="0" cb="0"/><line nr="32" mi="0" ci="2" mb="0" cb="0"/><line nr="44" mi="0" ci="3" mb="0" cb="0"/><line nr="45" mi="0" ci="3" mb="0" cb="0"/><line nr="46" mi="0" ci="3" mb="0" cb="0"/><line nr="47" mi="0" ci="3" mb="0" cb="0"/><line nr="48" mi="0" ci="2" mb="0" cb="0"/><counter type="INSTRUCTION" missed="0" covered="27"/><counter type="LINE" missed="0" covered="9"/><counter type="COMPLEXITY" missed="0" covered="2"/><counter type="METHOD" missed="0" covered="2"/><counter type="CLASS" missed="0" covered="1"/></sourcefile><sourcefile name="Settings.java"><line nr="51" mi="0" ci="5" mb="0" cb="0"/><line nr="52" mi="0" ci="3" mb="0" cb="0"/><line nr="54" mi="0" ci="41" mb="0" cb="0"/><line nr="55" mi="0" ci="6" mb="2" cb="2"/><line nr="56" mi="6" ci="0" mb="0" cb="0"/><line nr="58" mi="0" ci="6" mb="2" cb="2"/><line nr="59" mi="6" ci="0" mb="0" cb="0"/><line nr="61" mi="0" ci="4" mb="1" cb="1"/><line nr="62" mi="6" ci="0" mb="0" cb="0"/><line nr="64" mi="0" ci="4" mb="1" cb="1"/><line nr="65" mi="6" ci="0" mb="0" cb="0"/><line nr="67" mi="0" ci="4" mb="1" cb="1"/><line nr="68" mi="6" ci="0" mb="0" cb="0"/><line nr="70" mi="0" ci="1" mb="0" cb="0"/><line nr="74" mi="0" ci="17" mb="0" cb="0"/><line nr="80" mi="0" ci="2" mb="0" cb="0"/><line nr="84" mi="0" ci="4" mb="0" cb="0"/><line nr="85" mi="0" ci="2" mb="1" cb="1"/><line nr="86" mi="5" ci="0" mb="0" cb="0"/><line nr="88" mi="0" ci="10" mb="0" cb="0"/><line nr="89" mi="1" ci="0" mb="0" cb="0"/><line nr="90" mi="6" ci="0" mb="0" cb="0"/><counter type="INSTRUCTION" missed="42" covered="109"/><counter type="BRANCH" missed="8" covered="8"/><counter type="LINE" missed="8" covered="14"/><counter type="COMPLEXITY" missed="8" covered="5"/><counter type="METHOD" missed="0" covered="5"/><counter type="CLASS" missed="0" covered="1"/></sourcefile><counter type="INSTRUCTION" missed="59" covered="184"/><counter type="BRANCH" missed="13" covered="17"/><counter type="LINE" missed="15" covered="35"/><counter type="COMPLEXITY" missed="13" covered="14"/><counter type="METHOD" missed="0" covered="12"/><counter type="CLASS" missed="0" covered="3"/></package><package name="it/unige/portcommand/lifecycle/events"><class name="it/unige/portcommand/lifecycle/events/GameResumedEvent" sourcefilename="GameResumedEvent.java"><method name="&lt;init&gt;" desc="()V" line="10"><counter type="INSTRUCTION" missed="0" covered="3"/><counter type="LINE" missed="0" covered="1"/><counter type="COMPLEXITY" missed="0" covered="1"/><counter type="METHOD" missed="0" covered="1"/></method><counter type="INSTRUCTION" missed="0" covered="3"/><counter type="LINE" missed="0" covered="1"/><counter type="COMPLEXITY" missed="0" covered="1"/><counter type="METHOD" missed="0" covered="1"/><counter type="CLASS" missed="0" covered="1"/></class><class name="it/unige/portcommand/lifecycle/events/DayRolloverEvent" sourcefilename="DayRolloverEvent.java"><method name="&lt;init&gt;" desc="(ILit/unige/portcommand/harbourmaster/financial/EndOfDaySummary;)V" line="18"><counter type="INSTRUCTION" missed="0" covered="9"/><counter type="LINE" missed="0" covered="1"/><counter type="COMPLEXITY" missed="0" covered="1"/><counter type="METHOD" missed="0" covered="1"/></method><counter type="INSTRUCTION" missed="0" covered="9"/><counter type="LINE" missed="0" covered="1"/><counter type="COMPLEXITY" missed="0" covered="1"/><counter type="METHOD" missed="0" covered="1"/><counter type="CLASS" missed="0" covered="1"/></class><class name="it/unige/portcommand/lifecycle/events/QuitEvent" sourcefilename="QuitEvent.java"><method name="&lt;init&gt;" desc="()V" line="12"><counter type="INSTRUCTION" missed="0" covered="3"/><counter type="LINE" missed="0" covered="1"/><counter type="COMPLEXITY" missed="0" covered="1"/><counter type="METHOD" missed="0" covered="1"/></method><counter type="INSTRUCTION" missed="0" covered="3"/><counter type="LINE" missed="0" covered="1"/><counter type="COMPLEXITY" missed="0" covered="1"/><counter type="METHOD" missed="0" covered="1"/><counter type="CLASS" missed="0" covered="1"/></class><class name="it/unige/portcommand/lifecycle/events/GameOverEvent" sourcefilename="GameOverEvent.java"><method name="&lt;init&gt;" desc="(Ljava/lang/String;DII)V" line="19"><counter type="INSTRUCTION" missed="0" covered="15"/><counter type="LINE" missed="0" covered="1"/><counter type="COMPLEXITY" missed="0" covered="1"/><counter type="METHOD" missed="0" covered="1"/></method><counter type="INSTRUCTION" missed="0" covered="15"/><counter type="LINE" missed="0" covered="1"/><counter type="COMPLEXITY" missed="0" covered="1"/><counter type="METHOD" missed="0" covered="1"/><counter type="CLASS" missed="0" covered="1"/></class><class name="it/unige/portcommand/lifecycle/events/AutosaveRequestedEvent" sourcefilename="AutosaveRequestedEvent.java"><method name="&lt;init&gt;" desc="(I)V" line="19"><counter type="INSTRUCTION" missed="0" covered="6"/><counter type="LINE" missed="0" covered="1"/><counter type="COMPLEXITY" missed="0" covered="1"/><counter type="METHOD" missed="0" covered="1"/></method><counter type="INSTRUCTION" missed="0" covered="6"/><counter type="LINE" missed="0" covered="1"/><counter type="COMPLEXITY" missed="0" covered="1"/><counter type="METHOD" missed="0" covered="1"/><counter type="CLASS" missed="0" covered="1"/></class><class name="it/unige/portcommand/lifecycle/events/GamePausedEvent" sourcefilename="GamePausedEvent.java"><method name="&lt;init&gt;" desc="()V" line="11"><counter type="INSTRUCTION" missed="0" covered="3"/><counter type="LINE" missed="0" covered="1"/><counter type="COMPLEXITY" missed="0" covered="1"/><counter type="METHOD" missed="0" covered="1"/></method><counter type="INSTRUCTION" missed="0" covered="3"/><counter type="LINE" missed="0" covered="1"/><counter type="COMPLEXITY" missed="0" covered="1"/><counter type="METHOD" missed="0" covered="1"/><counter type="CLASS" missed="0" covered="1"/></class><sourcefile name="QuitEvent.java"><line nr="12" mi="0" ci="3" mb="0" cb="0"/><counter type="INSTRUCTION" missed="0" covered="3"/><counter type="LINE" missed="0" covered="1"/><counter type="COMPLEXITY" missed="0" covered="1"/><counter type="METHOD" missed="0" covered="1"/><counter type="CLASS" missed="0" covered="1"/></sourcefile><sourcefile name="GamePausedEvent.java"><line nr="11" mi="0" ci="3" mb="0" cb="0"/><counter type="INSTRUCTION" missed="0" covered="3"/><counter type="LINE" missed="0" covered="1"/><counter type="COMPLEXITY" missed="0" covered="1"/><counter type="METHOD" missed="0" covered="1"/><counter type="CLASS" missed="0" covered="1"/></sourcefile><sourcefile name="AutosaveRequestedEvent.java"><line nr="19" mi="0" ci="6" mb="0" cb="0"/><counter type="INSTRUCTION" missed="0" covered="6"/><counter type="LINE" missed="0" covered="1"/><counter type="COMPLEXITY" missed="0" covered="1"/><counter type="METHOD" missed="0" covered="1"/><counter type="CLASS" missed="0" covered="1"/></sourcefile><sourcefile name="GameOverEvent.java"><line nr="19" mi="0" ci="15" mb="0" cb="0"/><counter type="INSTRUCTION" missed="0" covered="15"/><counter type="LINE" missed="0" covered="1"/><counter type="COMPLEXITY" missed="0" covered="1"/><counter type="METHOD" missed="0" covered="1"/><counter type="CLASS" missed="0" covered="1"/></sourcefile><sourcefile name="DayRolloverEvent.java"><line nr="18" mi="0" ci="9" mb="0" cb="0"/><counter type="INSTRUCTION" missed="0" covered="9"/><counter type="LINE" missed="0" covered="1"/><counter type="COMPLEXITY" missed="0" covered="1"/><counter type="METHOD" missed="0" covered="1"/><counter type="CLASS" missed="0" covered="1"/></sourcefile><sourcefile name="GameResumedEvent.java"><line nr="10" mi="0" ci="3" mb="0" cb="0"/><counter type="INSTRUCTION" missed="0" covered="3"/><counter type="LINE" missed="0" covered="1"/><counter type="COMPLEXITY" missed="0" covered="1"/><counter type="METHOD" missed="0" covered="1"/><counter type="CLASS" missed="0" covered="1"/></sourcefile><counter type="INSTRUCTION" missed="0" covered="39"/><counter type="LINE" missed="0" covered="6"/><counter type="COMPLEXITY" missed="0" covered="6"/><counter type="METHOD" missed="0" covered="6"/><counter type="CLASS" missed="0" covered="6"/></package><package name="it/unige/portcommand/scenario"><class name="it/unige/portcommand/scenario/ScriptedEventBehaviour" sourcefilename="ScriptedEventBehaviour.java"><method name="&lt;init&gt;" desc="(Ljade/core/Agent;Lit/unige/portcommand/scenario/GameContext;Lit/unige/portcommand/scenario/ScenarioRuntime;Ljava/util/List;)V" line="72"><counter type="INSTRUCTION" missed="0" covered="153"/><counter type="BRANCH" missed="0" covered="8"/><counter type="LINE" missed="0" covered="24"/><counter type="COMPLEXITY" missed="0" covered="5"/><counter type="METHOD" missed="0" covered="1"/></method><method name="onSimTick" desc="()V" line="111"><counter type="INSTRUCTION" missed="0" covered="10"/><counter type="BRANCH" missed="0" covered="2"/><counter type="LINE" missed="0" covered="5"/><counter type="COMPLEXITY" missed="0" covered="2"/><counter type="METHOD" missed="0" covered="1"/></method><method name="unfireLostSpawns" desc="(Lit/unige/portcommand/scenario/ScenarioRuntime;)V" line="140"><counter type="INSTRUCTION" missed="0" covered="52"/><counter type="BRANCH" missed="0" covered="8"/><counter type="LINE" missed="0" covered="12"/><counter type="COMPLEXITY" missed="0" covered="5"/><counter type="METHOD" missed="0" covered="1"/></method><method name="materialiseDailies" desc="()V" line="162"><counter type="INSTRUCTION" missed="0" covered="98"/><counter type="BRANCH" missed="0" covered="10"/><counter type="LINE" missed="0" covered="18"/><counter type="COMPLEXITY" missed="0" covered="6"/><counter type="METHOD" missed="0" covered="1"/></method><method name="drainDue" desc="()V" line="185"><counter type="INSTRUCTION" missed="8" covered="55"/><counter type="BRANCH" missed="1" covered="9"/><counter type="LINE" missed="3" covered="13"/><counter type="COMPLEXITY" missed="1" covered="5"/><counter type="METHOD" missed="0" covered="1"/></method><method name="scenarioWaveActive" desc="()Z" line="208"><counter type="INSTRUCTION" missed="0" covered="10"/><counter type="BRANCH" missed="0" covered="4"/><counter type="LINE" missed="0" covered="1"/><counter type="COMPLEXITY" missed="0" covered="3"/><counter type="METHOD" missed="0" covered="1"/></method><method name="firedEventIdsSorted" desc="()Ljava/util/List;" line="213"><counter type="INSTRUCTION" missed="0" covered="11"/><counter type="LINE" missed="0" covered="3"/><counter type="COMPLEXITY" missed="0" covered="1"/><counter type="METHOD" missed="0" covered="1"/></method><method name="scenarioKey" desc="()Ljava/lang/String;" line="220"><counter type="INSTRUCTION" missed="0" covered="9"/><counter type="BRANCH" missed="0" covered="2"/><counter type="LINE" missed="0" covered="1"/><counter type="COMPLEXITY" missed="0" covered="2"/><counter type="METHOD" missed="0" covered="1"/></method><method name="&lt;clinit&gt;" desc="()V" line="62"><counter type="INSTRUCTION" missed="0" covered="4"/><counter type="LINE" missed="0" covered="1"/><counter type="COMPLEXITY" missed="0" covered="1"/><counter type="METHOD" missed="0" covered="1"/></method><counter type="INSTRUCTION" missed="8" covered="402"/><counter type="BRANCH" missed="1" covered="43"/><counter type="LINE" missed="3" covered="78"/><counter type="COMPLEXITY" missed="1" covered="30"/><counter type="METHOD" missed="0" covered="9"/><counter type="CLASS" missed="0" covered="1"/></class><class name="it/unige/portcommand/scenario/ScenarioLoader" sourcefilename="ScenarioLoader.java"><method name="&lt;init&gt;" desc="()V" line="38"><counter type="INSTRUCTION" missed="0" covered="7"/><counter type="LINE" missed="0" covered="2"/><counter type="COMPLEXITY" missed="0" covered="1"/><counter type="METHOD" missed="0" covered="1"/></method><method name="load" desc="(Ljava/nio/file/Path;)Lit/unige/portcommand/scenario/Scenario;" line="54"><counter type="INSTRUCTION" missed="13" covered="0"/><counter type="LINE" missed="2" covered="0"/><counter type="COMPLEXITY" missed="1" covered="0"/><counter type="METHOD" missed="1" covered="0"/></method><method name="load" desc="(Ljava/io/InputStream;Ljava/lang/String;)Lit/unige/portcommand/scenario/Scenario;" line="64"><counter type="INSTRUCTION" missed="0" covered="22"/><counter type="LINE" missed="0" covered="7"/><counter type="COMPLEXITY" missed="0" covered="1"/><counter type="METHOD" missed="0" covered="1"/></method><method name="mapper" desc="()Lcom/fasterxml/jackson/databind/ObjectMapper;" line="75"><counter type="INSTRUCTION" missed="0" covered="3"/><counter type="LINE" missed="0" covered="1"/><counter type="COMPLEXITY" missed="0" covered="1"/><counter type="METHOD" missed="0" covered="1"/></method><method name="validate" desc="(Lit/unige/portcommand/scenario/Scenario;)V" line="79"><counter type="INSTRUCTION" missed="2" covered="47"/><counter type="BRANCH" missed="3" covered="3"/><counter type="LINE" missed="0" covered="9"/><counter type="COMPLEXITY" missed="3" covered="1"/><counter type="METHOD" missed="0" covered="1"/></method><method name="validateSettingsOverride" desc="(Lit/unige/portcommand/scenario/Scenario;)V" line="90"><counter type="INSTRUCTION" missed="2" covered="35"/><counter type="BRANCH" missed="4" covered="6"/><counter type="LINE" missed="0" covered="7"/><counter type="COMPLEXITY" missed="4" covered="2"/><counter type="METHOD" missed="0" covered="1"/></method><method name="validateInitialState" desc="(Lit/unige/portcommand/scenario/Scenario;)V" line="101"><counter type="INSTRUCTION" missed="14" covered="252"/><counter type="BRANCH" missed="22" covered="28"/><counter type="LINE" missed="0" covered="37"/><counter type="COMPLEXITY" missed="22" covered="4"/><counter type="METHOD" missed="0" covered="1"/></method><method name="validateWeather" desc="(Lit/unige/portcommand/scenario/Scenario$WeatherInit;Ljava/lang/String;)V" line="145"><counter type="INSTRUCTION" missed="3" covered="44"/><counter type="BRANCH" missed="3" covered="3"/><counter type="LINE" missed="0" covered="8"/><counter type="COMPLEXITY" missed="3" covered="1"/><counter type="METHOD" missed="0" covered="1"/></method><method name="validateContracts" desc="(Lit/unige/portcommand/scenario/Scenario;)Ljava/util/Set;" line="156"><counter type="INSTRUCTION" missed="0" covered="42"/><counter type="BRANCH" missed="0" covered="4"/><counter type="LINE" missed="0" covered="8"/><counter type="COMPLEXITY" missed="0" covered="3"/><counter type="METHOD" missed="0" covered="1"/></method><method name="validateEvents" desc="(Lit/unige/portcommand/scenario/Scenario;Ljava/util/Set;)V" line="167"><counter type="INSTRUCTION" missed="7" covered="189"/><counter type="BRANCH" missed="10" covered="20"/><counter type="LINE" missed="0" covered="31"/><counter type="COMPLEXITY" missed="10" covered="8"/><counter type="METHOD" missed="0" covered="1"/></method><method name="validateSpawn" desc="(Lit/unige/portcommand/scenario/events/SpawnVesselEvent;Ljava/lang/String;Ljava/util/Set;Ljava/util/Set;Lit/unige/portcommand/scenario/Scenario;)V" line="213"><counter type="INSTRUCTION" missed="24" covered="172"/><counter type="BRANCH" missed="12" covered="24"/><counter type="LINE" missed="4" covered="27"/><counter type="COMPLEXITY" missed="12" covered="7"/><counter type="METHOD" missed="0" covered="1"/></method><method name="notBlank" desc="(Ljava/lang/String;)Z" line="254"><counter type="INSTRUCTION" missed="1" covered="8"/><counter type="BRANCH" missed="2" covered="2"/><counter type="LINE" missed="0" covered="1"/><counter type="COMPLEXITY" missed="2" covered="1"/><counter type="METHOD" missed="0" covered="1"/></method><method name="require" desc="(ZLjava/lang/String;)V" line="258"><counter type="INSTRUCTION" missed="0" covered="8"/><counter type="BRANCH" missed="0" covered="2"/><counter type="LINE" missed="0" covered="3"/><counter type="COMPLEXITY" missed="0" covered="2"/><counter type="METHOD" missed="0" covered="1"/></method><method name="lambda$validateSpawn$1" desc="(Lit/unige/portcommand/scenario/events/SpawnVesselEvent;)Lit/unige/portcommand/ontology/ServiceContract;" line="227"><counter type="INSTRUCTION" missed="0" covered="6"/><counter type="LINE" missed="0" covered="1"/><counter type="COMPLEXITY" missed="0" covered="1"/><counter type="METHOD" missed="0" covered="1"/></method><method name="lambda$validateSpawn$0" desc="(Lit/unige/portcommand/scenario/events/SpawnVesselEvent;Lit/unige/portcommand/ontology/ServiceContract;)Z" line="225"><counter type="INSTRUCTION" missed="0" covered="6"/><counter type="LINE" missed="0" covered="1"/><counter type="COMPLEXITY" missed="0" covered="1"/><counter type="METHOD" missed="0" covered="1"/></method><method name="&lt;clinit&gt;" desc="()V" line="40"><counter type="INSTRUCTION" missed="0" covered="37"/><counter type="LINE" missed="0" covered="8"/><counter type="COMPLEXITY" missed="0" covered="1"/><counter type="METHOD" missed="0" covered="1"/></method><counter type="INSTRUCTION" missed="66" covered="878"/><counter type="BRANCH" missed="56" covered="92"/><counter type="LINE" missed="6" covered="149"/><counter type="COMPLEXITY" missed="57" covered="35"/><counter type="METHOD" missed="1" covered="15"/><counter type="CLASS" missed="0" covered="1"/></class><class name="it/unige/portcommand/scenario/Scenario$DockedVessel" sourcefilename="Scenario.java"><method name="&lt;init&gt;" desc="(Ljava/lang/String;Ljava/lang/String;DI)V" line="114"><counter type="INSTRUCTION" missed="0" covered="15"/><counter type="LINE" missed="0" covered="1"/><counter type="COMPLEXITY" missed="0" covered="1"/><counter type="METHOD" missed="0" covered="1"/></method><counter type="INSTRUCTION" missed="0" covered="15"/><counter type="LINE" missed="0" covered="1"/><counter type="COMPLEXITY" missed="0" covered="1"/><counter type="METHOD" missed="0" covered="1"/><counter type="CLASS" missed="0" covered="1"/></class><class name="it/unige/portcommand/scenario/ScenarioRegistry" sourcefilename="ScenarioRegistry.java"><method name="&lt;init&gt;" desc="()V" line="22"><counter type="INSTRUCTION" missed="23" covered="49"/><counter type="BRANCH" missed="2" covered="4"/><counter type="LINE" missed="4" covered="13"/><counter type="COMPLEXITY" missed="2" covered="2"/><counter type="METHOD" missed="0" covered="1"/></method><method name="findByKey" desc="(Ljava/lang/String;)Ljava/util/Optional;" line="45"><counter type="INSTRUCTION" missed="0" covered="7"/><counter type="LINE" missed="0" covered="1"/><counter type="COMPLEXITY" missed="0" covered="1"/><counter type="METHOD" missed="0" covered="1"/></method><method name="all" desc="()Ljava/util/List;" line="50"><counter type="INSTRUCTION" missed="0" covered="5"/><counter type="LINE" missed="0" covered="1"/><counter type="COMPLEXITY" missed="0" covered="1"/><counter type="METHOD" missed="0" covered="1"/></method><method name="&lt;clinit&gt;" desc="()V" line="20"><counter type="INSTRUCTION" missed="0" covered="6"/><counter type="LINE" missed="0" covered="1"/><counter type="COMPLEXITY" missed="0" covered="1"/><counter type="METHOD" missed="0" covered="1"/></method><counter type="INSTRUCTION" missed="23" covered="67"/><counter type="BRANCH" missed="2" covered="4"/><counter type="LINE" missed="4" covered="16"/><counter type="COMPLEXITY" missed="2" covered="5"/><counter type="METHOD" missed="0" covered="4"/><counter type="CLASS" missed="0" covered="1"/></class><class name="it/unige/portcommand/scenario/ScriptedEventBehaviour$Pending" sourcefilename="ScriptedEventBehaviour.java"><method name="&lt;init&gt;" desc="(Ljava/lang/String;JIZLit/unige/portcommand/scenario/events/ScriptedEvent;)V" line="64"><counter type="INSTRUCTION" missed="0" covered="18"/><counter type="LINE" missed="0" covered="1"/><counter type="COMPLEXITY" missed="0" covered="1"/><counter type="METHOD" missed="0" covered="1"/></method><counter type="INSTRUCTION" missed="0" covered="18"/><counter type="LINE" missed="0" covered="1"/><counter type="COMPLEXITY" missed="0" covered="1"/><counter type="METHOD" missed="0" covered="1"/><counter type="CLASS" missed="0" covered="1"/></class><class name="it/unige/portcommand/scenario/GameContext" sourcefilename="GameContext.java"><method name="&lt;init&gt;" desc="(Ljava/util/Map;Lit/unige/portcommand/util/SimClock;Lit/unige/portcommand/bootstrap/JadeAgentSpawner;Lit/unige/portcommand/artifacts/MarketHistoryArtifact;Lit/unige/portcommand/util/RandomSource;Lit/unige/portcommand/util/EventBus;Lit/unige/portcommand/persistence/AgentDirectory;)V" line="34"><counter type="INSTRUCTION" missed="0" covered="24"/><counter type="LINE" missed="0" covered="1"/><counter type="COMPLEXITY" missed="0" covered="1"/><counter type="METHOD" missed="0" covered="1"/></method><counter type="INSTRUCTION" missed="0" covered="24"/><counter type="LINE" missed="0" covered="1"/><counter type="COMPLEXITY" missed="0" covered="1"/><counter type="METHOD" missed="0" covered="1"/><counter type="CLASS" missed="0" covered="1"/></class><class name="it/unige/portcommand/scenario/ScenarioVessels$Dims" sourcefilename="ScenarioVessels.java"><method name="&lt;init&gt;" desc="(DDI)V" line="53"><counter type="INSTRUCTION" missed="0" covered="12"/><counter type="LINE" missed="0" covered="1"/><counter type="COMPLEXITY" missed="0" covered="1"/><counter type="METHOD" missed="0" covered="1"/></method><counter type="INSTRUCTION" missed="0" covered="12"/><counter type="LINE" missed="0" covered="1"/><counter type="COMPLEXITY" missed="0" covered="1"/><counter type="METHOD" missed="0" covered="1"/><counter type="CLASS" missed="0" covered="1"/></class><class name="it/unige/portcommand/scenario/ScenarioVessels" sourcefilename="ScenarioVessels.java"><method name="contractedSpec" desc="(Lit/unige/portcommand/ontology/ServiceContract;J)Lit/unige/portcommand/ontology/VesselSpec;" line="75"><counter type="INSTRUCTION" missed="0" covered="24"/><counter type="LINE" missed="0" covered="3"/><counter type="COMPLEXITY" missed="0" covered="1"/><counter type="METHOD" missed="0" covered="1"/></method><method name="sampledWalkInSpec" desc="(Ljava/lang/String;Ljava/lang/String;Lit/unige/portcommand/util/RandomSource;J)Lit/unige/portcommand/ontology/VesselSpec;" line="83"><counter type="INSTRUCTION" missed="0" covered="26"/><counter type="LINE" missed="0" covered="4"/><counter type="COMPLEXITY" missed="0" covered="1"/><counter type="METHOD" missed="0" covered="1"/></method><method name="cargoClassFor" desc="(Ljava/lang/String;)Ljava/lang/String;" line="91"><counter type="INSTRUCTION" missed="0" covered="5"/><counter type="LINE" missed="0" covered="1"/><counter type="COMPLEXITY" missed="0" covered="1"/><counter type="METHOD" missed="0" covered="1"/></method><method name="pinnedDims" desc="(Ljava/lang/String;)[D" line="96"><counter type="INSTRUCTION" missed="0" covered="24"/><counter type="LINE" missed="0" covered="2"/><counter type="COMPLEXITY" missed="0" covered="1"/><counter type="METHOD" missed="0" covered="1"/></method><method name="&lt;clinit&gt;" desc="()V" line="56"><counter type="INSTRUCTION" missed="0" covered="50"/><counter type="LINE" missed="0" covered="2"/><counter type="COMPLEXITY" missed="0" covered="1"/><counter type="METHOD" missed="0" covered="1"/></method><counter type="INSTRUCTION" missed="0" covered="129"/><counter type="LINE" missed="0" covered="12"/><counter type="COMPLEXITY" missed="0" covered="5"/><counter type="METHOD" missed="0" covered="5"/><counter type="CLASS" missed="0" covered="1"/></class><class name="it/unige/portcommand/scenario/Scenario$InitialState" sourcefilename="Scenario.java"><method name="&lt;init&gt;" desc="(ILjava/lang/String;DILit/unige/portcommand/scenario/Scenario$WeatherInit;Ljava/util/List;Ljava/util/List;)V" line="69"><counter type="INSTRUCTION" missed="0" covered="24"/><counter type="LINE" missed="0" covered="1"/><counter type="COMPLEXITY" missed="0" covered="1"/><counter type="METHOD" missed="0" covered="1"/></method><method name="startSimMillis" desc="()J" line="89"><counter type="INSTRUCTION" missed="0" covered="26"/><counter type="LINE" missed="0" covered="3"/><counter type="COMPLEXITY" missed="0" covered="1"/><counter type="METHOD" missed="0" covered="1"/></method><counter type="INSTRUCTION" missed="0" covered="50"/><counter type="LINE" missed="0" covered="4"/><counter type="COMPLEXITY" missed="0" covered="2"/><counter type="METHOD" missed="0" covered="2"/><counter type="CLASS" missed="0" covered="1"/></class><class name="it/unige/portcommand/scenario/ScenarioRuntime" sourcefilename="ScenarioRuntime.java"><method name="&lt;init&gt;" desc="(Lit/unige/portcommand/scenario/Scenario;Ljava/util/Set;Ljava/util/Set;)V" line="25"><counter type="INSTRUCTION" missed="4" covered="22"/><counter type="BRANCH" missed="2" covered="2"/><counter type="LINE" missed="0" covered="5"/><counter type="COMPLEXITY" missed="2" covered="1"/><counter type="METHOD" missed="0" covered="1"/></method><method name="&lt;init&gt;" desc="(Lit/unige/portcommand/scenario/Scenario;Ljava/util/Set;)V" line="33"><counter type="INSTRUCTION" missed="0" covered="6"/><counter type="LINE" missed="0" covered="2"/><counter type="COMPLEXITY" missed="0" covered="1"/><counter type="METHOD" missed="0" covered="1"/></method><method name="sandbox" desc="(Ljava/util/Set;)Lit/unige/portcommand/scenario/ScenarioRuntime;" line="38"><counter type="INSTRUCTION" missed="0" covered="7"/><counter type="LINE" missed="0" covered="1"/><counter type="COMPLEXITY" missed="0" covered="1"/><counter type="METHOD" missed="0" covered="1"/></method><method name="sandbox" desc="(Ljava/util/Set;Ljava/util/Set;)Lit/unige/portcommand/scenario/ScenarioRuntime;" line="43"><counter type="INSTRUCTION" missed="0" covered="7"/><counter type="LINE" missed="0" covered="1"/><counter type="COMPLEXITY" missed="0" covered="1"/><counter type="METHOD" missed="0" covered="1"/></method><counter type="INSTRUCTION" missed="4" covered="42"/><counter type="BRANCH" missed="2" covered="2"/><counter type="LINE" missed="0" covered="9"/><counter type="COMPLEXITY" missed="2" covered="4"/><counter type="METHOD" missed="0" covered="4"/><counter type="CLASS" missed="0" covered="1"/></class><class name="it/unige/portcommand/scenario/Scenario" sourcefilename="Scenario.java"><method name="&lt;init&gt;" desc="(Ljava/lang/String;Ljava/lang/String;Ljava/lang/String;DLjava/lang/Long;Lit/unige/portcommand/scenario/Scenario$SettingsOverride;Lit/unige/portcommand/scenario/Scenario$InitialState;Ljava/util/List;Ljava/util/List;)V" line="47"><counter type="INSTRUCTION" missed="4" covered="40"/><counter type="BRANCH" missed="2" covered="2"/><counter type="LINE" missed="0" covered="4"/><counter type="COMPLEXITY" missed="2" covered="1"/><counter type="METHOD" missed="0" covered="1"/></method><counter type="INSTRUCTION" missed="4" covered="40"/><counter type="BRANCH" missed="2" covered="2"/><counter type="LINE" missed="0" covered="4"/><counter type="COMPLEXITY" missed="2" covered="1"/><counter type="METHOD" missed="0" covered="1"/><counter type="CLASS" missed="0" covered="1"/></class><class name="it/unige/portcommand/scenario/ContractSchedule" sourcefilename="ContractSchedule.java"><method name="eventId" desc="(Lit/unige/portcommand/ontology/ServiceContract;I)Ljava/lang/String;" line="42"><counter type="INSTRUCTION" missed="0" covered="5"/><counter type="LINE" missed="0" covered="1"/><counter type="COMPLEXITY" missed="0" covered="1"/><counter type="METHOD" missed="0" covered="1"/></method><method name="dailyContract" desc="(Lit/unige/portcommand/ontology/ServiceContract;I)Lit/unige/portcommand/ontology/ServiceContract;" line="51"><counter type="INSTRUCTION" missed="0" covered="35"/><counter type="LINE" missed="0" covered="6"/><counter type="COMPLEXITY" missed="0" covered="1"/><counter type="METHOD" missed="0" covered="1"/></method><method name="spawnSimSeconds" desc="(Lit/unige/portcommand/ontology/ServiceContract;)J" line="62"><counter type="INSTRUCTION" missed="0" covered="9"/><counter type="LINE" missed="0" covered="1"/><counter type="COMPLEXITY" missed="0" covered="1"/><counter type="METHOD" missed="0" covered="1"/></method><counter type="INSTRUCTION" missed="0" covered="49"/><counter type="LINE" missed="0" covered="8"/><counter type="COMPLEXITY" missed="0" covered="3"/><counter type="METHOD" missed="0" covered="3"/><counter type="CLASS" missed="0" covered="1"/></class><class name="it/unige/portcommand/scenario/Scenario$WeatherInit" sourcefilename="Scenario.java"><method name="&lt;init&gt;" desc="(ILjava/lang/String;DLjava/lang/String;)V" line="101"><counter type="INSTRUCTION" missed="0" covered="15"/><counter type="LINE" missed="0" covered="1"/><counter type="COMPLEXITY" missed="0" covered="1"/><counter type="METHOD" missed="0" covered="1"/></method><counter type="INSTRUCTION" missed="0" covered="15"/><counter type="LINE" missed="0" covered="1"/><counter type="COMPLEXITY" missed="0" covered="1"/><counter type="METHOD" missed="0" covered="1"/><counter type="CLASS" missed="0" covered="1"/></class><class name="it/unige/portcommand/scenario/Scenario$TugInit" sourcefilename="Scenario.java"><method name="&lt;init&gt;" desc="(ILjava/lang/String;D)V" line="121"><counter type="INSTRUCTION" missed="0" covered="12"/><counter type="LINE" missed="0" covered="1"/><counter type="COMPLEXITY" missed="0" covered="1"/><counter type="METHOD" missed="0" covered="1"/></method><counter type="INSTRUCTION" missed="0" covered="12"/><counter type="LINE" missed="0" covered="1"/><counter type="COMPLEXITY" missed="0" covered="1"/><counter type="METHOD" missed="0" covered="1"/><counter type="CLASS" missed="0" covered="1"/></class><class name="it/unige/portcommand/scenario/Scenario$BerthInit" sourcefilename="Scenario.java"><method name="&lt;init&gt;" desc="(IZLit/unige/portcommand/scenario/Scenario$DockedVessel;)V" line="110"><counter type="INSTRUCTION" missed="0" covered="12"/><counter type="LINE" missed="0" covered="1"/><counter type="COMPLEXITY" missed="0" covered="1"/><counter type="METHOD" missed="0" covered="1"/></method><counter type="INSTRUCTION" missed="0" covered="12"/><counter type="LINE" missed="0" covered="1"/><counter type="COMPLEXITY" missed="0" covered="1"/><counter type="METHOD" missed="0" covered="1"/><counter type="CLASS" missed="0" covered="1"/></class><class name="it/unige/portcommand/scenario/Scenario$SettingsOverride" sourcefilename="Scenario.java"><method name="&lt;init&gt;" desc="(Ljava/lang/String;Ljava/lang/Boolean;Ljava/lang/Long;)V" line="60"><counter type="INSTRUCTION" missed="0" covered="12"/><counter type="LINE" missed="0" covered="1"/><counter type="COMPLEXITY" missed="0" covered="1"/><counter type="METHOD" missed="0" covered="1"/></method><counter type="INSTRUCTION" missed="0" covered="12"/><counter type="LINE" missed="0" covered="1"/><counter type="COMPLEXITY" missed="0" covered="1"/><counter type="METHOD" missed="0" covered="1"/><counter type="CLASS" missed="0" covered="1"/></class><class name="it/unige/portcommand/scenario/ScenarioValidationException" sourcefilename="ScenarioValidationException.java"><method name="&lt;init&gt;" desc="(Ljava/lang/String;)V" line="12"><counter type="INSTRUCTION" missed="0" covered="4"/><counter type="LINE" missed="0" covered="2"/><counter type="COMPLEXITY" missed="0" covered="1"/><counter type="METHOD" missed="0" covered="1"/></method><counter type="INSTRUCTION" missed="0" covered="4"/><counter type="LINE" missed="0" covered="2"/><counter type="COMPLEXITY" missed="0" covered="1"/><counter type="METHOD" missed="0" covered="1"/><counter type="CLASS" missed="0" covered="1"/></class><sourcefile name="ScriptedEventBehaviour.java"><line nr="62" mi="0" ci="4" mb="0" cb="0"/><line nr="64" mi="0" ci="18" mb="0" cb="0"/><line nr="72" mi="0" ci="5" mb="0" cb="0"/><line nr="73" mi="0" ci="4" mb="0" cb="0"/><line nr="74" mi="0" ci="5" mb="0" cb="0"/><line nr="81" mi="0" ci="6" mb="0" cb="0"/><line nr="82" mi="0" ci="3" mb="0" cb="0"/><line nr="83" mi="0" ci="4" mb="0" cb="0"/><line nr="84" mi="0" ci="6" mb="0" cb="2"/><line nr="85" mi="0" ci="7" mb="0" cb="0"/><line nr="86" mi="0" ci="4" mb="0" cb="0"/><line nr="87" mi="0" ci="2" mb="0" cb="0"/><line nr="88" mi="0" ci="2" mb="0" cb="0"/><line nr="89" mi="0" ci="6" mb="0" cb="0"/><line nr="90" mi="0" ci="3" mb="0" cb="0"/><line nr="93" mi="0" ci="8" mb="0" cb="0"/><line nr="94" mi="0" ci="3" mb="0" cb="2"/><line nr="95" mi="0" ci="10" mb="0" cb="2"/><line nr="96" mi="0" ci="7" mb="0" cb="0"/><line nr="97" mi="0" ci="6" mb="0" cb="0"/><line nr="98" mi="0" ci="5" mb="0" cb="2"/><line nr="99" mi="0" ci="22" mb="0" cb="0"/><line nr="101" mi="0" ci="6" mb="0" cb="0"/><line nr="104" mi="0" ci="15" mb="0" cb="0"/><line nr="105" mi="0" ci="13" mb="0" cb="0"/><line nr="107" mi="0" ci="1" mb="0" cb="0"/><line nr="111" mi="0" ci="4" mb="0" cb="2"/><line nr="112" mi="0" ci="1" mb="0" cb="0"/><line nr="114" mi="0" ci="2" mb="0" cb="0"/><line nr="115" mi="0" ci="2" mb="0" cb="0"/><line nr="116" mi="0" ci="1" mb="0" cb="0"/><line nr="140" mi="0" ci="4" mb="0" cb="2"/><line nr="141" mi="0" ci="1" mb="0" cb="0"/><line nr="143" mi="0" ci="3" mb="0" cb="0"/><line nr="144" mi="0" ci="6" mb="0" cb="0"/><line nr="145" mi="0" ci="11" mb="0" cb="2"/><line nr="146" mi="0" ci="4" mb="0" cb="0"/><line nr="147" mi="0" ci="8" mb="0" cb="2"/><line nr="148" mi="0" ci="4" mb="0" cb="2"/><line nr="149" mi="0" ci="5" mb="0" cb="0"/><line nr="150" mi="0" ci="4" mb="0" cb="0"/><line nr="152" mi="0" ci="1" mb="0" cb="0"/><line nr="153" mi="0" ci="1" mb="0" cb="0"/><line nr="162" mi="0" ci="5" mb="0" cb="0"/><line nr="163" mi="0" ci="10" mb="0" cb="2"/><line nr="164" mi="0" ci="6" mb="0" cb="4"/><line nr="165" mi="0" ci="1" mb="0" cb="0"/><line nr="167" mi="0" ci="11" mb="0" cb="2"/><line nr="168" mi="0" ci="4" mb="0" cb="0"/><line nr="169" mi="0" ci="5" mb="0" cb="2"/><line nr="170" mi="0" ci="1" mb="0" cb="0"/><line nr="172" mi="0" ci="4" mb="0" cb="0"/><line nr="173" mi="0" ci="8" mb="0" cb="0"/><line nr="174" mi="0" ci="20" mb="0" cb="0"/><line nr="175" mi="0" ci="2" mb="0" cb="0"/><line nr="176" mi="0" ci="4" mb="0" cb="0"/><line nr="177" mi="0" ci="5" mb="0" cb="0"/><line nr="178" mi="0" ci="4" mb="0" cb="0"/><line nr="179" mi="0" ci="1" mb="0" cb="0"/><line nr="181" mi="0" ci="6" mb="0" cb="0"/><line nr="182" mi="0" ci="1" mb="0" cb="0"/><line nr="185" mi="0" ci="6" mb="0" cb="0"/><line nr="186" mi="0" ci="12" mb="0" cb="4"/><line nr="187" mi="0" ci="5" mb="0" cb="0"/><line nr="188" mi="0" ci="6" mb="1" cb="1"/><line nr="189" mi="1" ci="0" mb="0" cb="0"/><line nr="191" mi="0" ci="3" mb="0" cb="2"/><line nr="192" mi="0" ci="6" mb="0" cb="0"/><line nr="193" mi="0" ci="3" mb="0" cb="2"/><line nr="194" mi="0" ci="5" mb="0" cb="0"/><line nr="195" mi="0" ci="1" mb="0" cb="0"/><line nr="199" mi="0" ci="5" mb="0" cb="0"/><line nr="200" mi="1" ci="0" mb="0" cb="0"/><line nr="201" mi="6" ci="0" mb="0" cb="0"/><line nr="202" mi="0" ci="1" mb="0" cb="0"/><line nr="203" mi="0" ci="1" mb="0" cb="0"/><line nr="204" mi="0" ci="1" mb="0" cb="0"/><line nr="208" mi="0" ci="10" mb="0" cb="4"/><line nr="213" mi="0" ci="6" mb="0" cb="0"/><line nr="214" mi="0" ci="3" mb="0" cb="0"/><line nr="215" mi="0" ci="2" mb="0" cb="0"/><line nr="220" mi="0" ci="9" mb="0" cb="2"/><counter type="INSTRUCTION" missed="8" covered="420"/><counter type="BRANCH" missed="1" covered="43"/><counter type="LINE" missed="3" covered="79"/><counter type="COMPLEXITY" missed="1" covered="31"/><counter type="METHOD" missed="0" covered="10"/><counter type="CLASS" missed="0" covered="2"/></sourcefile><sourcefile name="ScenarioVessels.java"><line nr="53" mi="0" ci="12" mb="0" cb="0"/><line nr="56" mi="0" ci="37" mb="0" cb="0"/><line nr="63" mi="0" ci="13" mb="0" cb="0"/><line nr="75" mi="0" ci="6" mb="0" cb="0"/><line nr="76" mi="0" ci="12" mb="0" cb="0"/><line nr="77" mi="0" ci="6" mb="0" cb="0"/><line nr="83" mi="0" ci="3" mb="0" cb="0"/><line nr="84" mi="0" ci="5" mb="0" cb="0"/><line nr="85" mi="0" ci="13" mb="0" cb="0"/><line nr="86" mi="0" ci="5" mb="0" cb="0"/><line nr="91" mi="0" ci="5" mb="0" cb="0"/><line nr="96" mi="0" ci="5" mb="0" cb="0"/><line nr="97" mi="0" ci="19" mb="0" cb="0"/><counter type="INSTRUCTION" missed="0" covered="141"/><counter type="LINE" missed="0" covered="13"/><counter type="COMPLEXITY" missed="0" covered="6"/><counter type="METHOD" missed="0" covered="6"/><counter type="CLASS" missed="0" covered="2"/></sourcefile><sourcefile name="ScenarioLoader.java"><line nr="38" mi="0" ci="2" mb="0" cb="0"/><line nr="40" mi="0" ci="3" mb="0" cb="0"/><line nr="41" mi="0" ci="3" mb="0" cb="0"/><line nr="42" mi="0" ci="5" mb="0" cb="0"/><line nr="43" mi="0" ci="5" mb="0" cb="0"/><line nr="44" mi="0" ci="4" mb="0" cb="0"/><line nr="45" mi="0" ci="5" mb="0" cb="0"/><line nr="47" mi="0" ci="6" mb="0" cb="0"/><line nr="48" mi="0" ci="6" mb="0" cb="0"/><line nr="50" mi="0" ci="5" mb="0" cb="0"/><line nr="54" mi="5" ci="0" mb="0" cb="0"/><line nr="55" mi="8" ci="0" mb="0" cb="0"/><line nr="64" mi="0" ci="7" mb="0" cb="0"/><line nr="65" mi="0" ci="1" mb="0" cb="0"/><line nr="66" mi="0" ci="4" mb="0" cb="0"/><line nr="67" mi="0" ci="4" mb="0" cb="0"/><line nr="68" mi="0" ci="1" mb="0" cb="0"/><line nr="69" mi="0" ci="3" mb="0" cb="0"/><line nr="70" mi="0" ci="2" mb="0" cb="0"/><line nr="75" mi="0" ci="3" mb="0" cb="0"/><line nr="79" mi="1" ci="13" mb="2" cb="2"/><line nr="80" mi="0" ci="5" mb="0" cb="0"/><line nr="81" mi="0" ci="5" mb="0" cb="0"/><line nr="82" mi="1" ci="9" mb="1" cb="1"/><line nr="83" mi="0" ci="3" mb="0" cb="0"/><line nr="84" mi="0" ci="3" mb="0" cb="0"/><line nr="85" mi="0" ci="4" mb="0" cb="0"/><line nr="86" mi="0" ci="4" mb="0" cb="0"/><line nr="87" mi="0" ci="1" mb="0" cb="0"/><line nr="90" mi="0" ci="3" mb="0" cb="2"/><line nr="91" mi="0" ci="1" mb="0" cb="0"/><line nr="93" mi="0" ci="4" mb="0" cb="0"/><line nr="94" mi="1" ci="11" mb="2" cb="2"/><line nr="96" mi="0" ci="4" mb="0" cb="0"/><line nr="97" mi="1" ci="11" mb="2" cb="2"/><line nr="98" mi="0" ci="1" mb="0" cb="0"/><line nr="101" mi="0" ci="3" mb="0" cb="0"/><line nr="102" mi="1" ci="6" mb="1" cb="1"/><line nr="103" mi="1" ci="8" mb="1" cb="1"/><line nr="104" mi="1" ci="13" mb="2" cb="2"/><line nr="105" mi="0" ci="2" mb="0" cb="0"/><line nr="106" mi="1" ci="9" mb="1" cb="1"/><line nr="107" mi="1" ci="11" mb="2" cb="2"/><line nr="109" mi="0" ci="5" mb="0" cb="0"/><line nr="111" mi="1" ci="12" mb="2" cb="2"/><line nr="112" mi="0" ci="4" mb="0" cb="0"/><line nr="113" mi="0" ci="11" mb="0" cb="2"/><line nr="114" mi="1" ci="12" mb="2" cb="2"/><line nr="115" mi="0" ci="2" mb="0" cb="0"/><line nr="116" mi="0" ci="9" mb="0" cb="0"/><line nr="117" mi="0" ci="3" mb="0" cb="2"/><line nr="118" mi="0" ci="3" mb="0" cb="0"/><line nr="119" mi="1" ci="8" mb="1" cb="1"/><line nr="120" mi="0" ci="7" mb="0" cb="0"/><line nr="121" mi="0" ci="6" mb="0" cb="0"/><line nr="122" mi="0" ci="4" mb="0" cb="0"/><line nr="123" mi="1" ci="11" mb="1" cb="1"/><line nr="124" mi="1" ci="12" mb="2" cb="2"/><line nr="125" mi="0" ci="2" mb="0" cb="0"/><line nr="126" mi="0" ci="1" mb="0" cb="0"/><line nr="127" mi="1" ci="7" mb="1" cb="1"/><line nr="128" mi="0" ci="2" mb="0" cb="0"/><line nr="130" mi="0" ci="1" mb="0" cb="0"/><line nr="132" mi="1" ci="12" mb="2" cb="2"/><line nr="133" mi="0" ci="4" mb="0" cb="0"/><line nr="134" mi="0" ci="11" mb="0" cb="2"/><line nr="135" mi="1" ci="14" mb="2" cb="2"/><line nr="136" mi="0" ci="9" mb="0" cb="0"/><line nr="137" mi="0" ci="6" mb="0" cb="0"/><line nr="138" mi="0" ci="4" mb="0" cb="0"/><line nr="139" mi="1" ci="16" mb="2" cb="2"/><line nr="140" mi="0" ci="1" mb="0" cb="0"/><line nr="141" mi="0" ci="1" mb="0" cb="0"/><line nr="145" mi="1" ci="7" mb="1" cb="1"/><line nr="146" mi="1" ci="8" mb="1" cb="1"/><line nr="147" mi="0" ci="7" mb="0" cb="0"/><line nr="148" mi="0" ci="2" mb="0" cb="0"/><line nr="149" mi="1" ci="10" mb="1" cb="1"/><line nr="150" mi="0" ci="7" mb="0" cb="0"/><line nr="151" mi="0" ci="2" mb="0" cb="0"/><line nr="152" mi="0" ci="1" mb="0" cb="0"/><line nr="156" mi="0" ci="2" mb="0" cb="0"/><line nr="157" mi="0" ci="6" mb="0" cb="0"/><line nr="158" mi="0" ci="11" mb="0" cb="2"/><line nr="159" mi="0" ci="10" mb="0" cb="2"/><line nr="160" mi="0" ci="2" mb="0" cb="0"/><line nr="161" mi="0" ci="8" mb="0" cb="0"/><line nr="162" mi="0" ci="1" mb="0" cb="0"/><line nr="163" mi="0" ci="2" mb="0" cb="0"/><line nr="167" mi="1" ci="7" mb="1" cb="1"/><line nr="168" mi="0" ci="2" mb="0" cb="0"/><line nr="169" mi="0" ci="4" mb="0" cb="0"/><line nr="170" mi="0" ci="9" mb="0" cb="2"/><line nr="171" mi="0" ci="6" mb="0" cb="0"/><line nr="172" mi="0" ci="3" mb="0" cb="0"/><line nr="173" mi="1" ci="10" mb="1" cb="1"/><line nr="174" mi="0" ci="11" mb="0" cb="2"/><line nr="176" mi="0" ci="3" mb="0" cb="0"/><line nr="177" mi="0" ci="11" mb="0" cb="6"/><line nr="178" mi="0" ci="11" mb="0" cb="0"/><line nr="179" mi="0" ci="3" mb="0" cb="0"/><line nr="180" mi="1" ci="8" mb="1" cb="1"/><line nr="181" mi="0" ci="7" mb="0" cb="0"/><line nr="183" mi="1" ci="10" mb="1" cb="1"/><line nr="184" mi="0" ci="7" mb="0" cb="0"/><line nr="185" mi="0" ci="1" mb="0" cb="0"/><line nr="186" mi="0" ci="3" mb="0" cb="0"/><line nr="187" mi="1" ci="14" mb="2" cb="2"/><line nr="188" mi="0" ci="3" mb="0" cb="0"/><line nr="189" mi="1" ci="13" mb="2" cb="2"/><line nr="191" mi="0" ci="6" mb="0" cb="0"/><line nr="192" mi="0" ci="1" mb="0" cb="0"/><line nr="193" mi="0" ci="3" mb="0" cb="0"/><line nr="194" mi="0" ci="7" mb="0" cb="0"/><line nr="196" mi="0" ci="6" mb="0" cb="0"/><line nr="197" mi="0" ci="1" mb="0" cb="0"/><line nr="198" mi="0" ci="3" mb="0" cb="0"/><line nr="204" mi="1" ci="13" mb="2" cb="2"/><line nr="206" mi="0" ci="2" mb="0" cb="0"/><line nr="209" mi="0" ci="1" mb="0" cb="0"/><line nr="213" mi="0" ci="7" mb="0" cb="0"/><line nr="214" mi="0" ci="2" mb="0" cb="0"/><line nr="215" mi="1" ci="8" mb="1" cb="1"/><line nr="217" mi="0" ci="5" mb="0" cb="2"/><line nr="218" mi="0" ci="14" mb="1" cb="3"/><line nr="219" mi="0" ci="2" mb="0" cb="0"/><line nr="221" mi="1" ci="8" mb="1" cb="1"/><line nr="222" mi="1" ci="14" mb="3" cb="3"/><line nr="224" mi="0" ci="5" mb="0" cb="0"/><line nr="225" mi="0" ci="7" mb="0" cb="0"/><line nr="226" mi="0" ci="3" mb="0" cb="0"/><line nr="227" mi="0" ci="9" mb="0" cb="0"/><line nr="228" mi="0" ci="8" mb="0" cb="0"/><line nr="229" mi="0" ci="2" mb="0" cb="0"/><line nr="230" mi="0" ci="4" mb="0" cb="0"/><line nr="231" mi="0" ci="6" mb="1" cb="1"/><line nr="232" mi="0" ci="6" mb="0" cb="0"/><line nr="233" mi="0" ci="9" mb="0" cb="0"/><line nr="
[...]
SecondsPerGameDay" desc="()J" line="168"><counter type="INSTRUCTION" missed="0" covered="3"/><counter type="LINE" missed="0" covered="1"/><counter type="COMPLEXITY" missed="0" covered="1"/><counter type="METHOD" missed="0" covered="1"/></method><method name="setRealSecondsPerGameDay" desc="(J)V" line="180"><counter type="INSTRUCTION" missed="14" covered="0"/><counter type="BRANCH" missed="2" covered="0"/><counter type="LINE" missed="4" covered="0"/><counter type="COMPLEXITY" missed="2" covered="0"/><counter type="METHOD" missed="1" covered="0"/></method><method name="lambda$advanceToNextDay$0" desc="(J)J" line="84"><counter type="INSTRUCTION" missed="0" covered="8"/><counter type="LINE" missed="0" covered="1"/><counter type="COMPLEXITY" missed="0" covered="1"/><counter type="METHOD" missed="0" covered="1"/></method><counter type="INSTRUCTION" missed="26" covered="176"/><counter type="BRANCH" missed="5" covered="9"/><counter type="LINE" missed="6" covered="40"/><counter type="COMPLEXITY" missed="5" covered="21"/><counter type="METHOD" missed="1" covered="18"/><counter type="CLASS" missed="0" covered="1"/></class><class name="it/unige/portcommand/util/DeliveryMode" sourcefilename="DeliveryMode.java"><method name="&lt;clinit&gt;" desc="()V" line="8"><counter type="INSTRUCTION" missed="0" covered="21"/><counter type="LINE" missed="0" covered="4"/><counter type="COMPLEXITY" missed="0" covered="1"/><counter type="METHOD" missed="0" covered="1"/></method><counter type="INSTRUCTION" missed="0" covered="21"/><counter type="LINE" missed="0" covered="4"/><counter type="COMPLEXITY" missed="0" covered="1"/><counter type="METHOD" missed="0" covered="1"/><counter type="CLASS" missed="0" covered="1"/></class><class name="it/unige/portcommand/util/EventBus$SubscriberEntry" sourcefilename="EventBus.java"><method name="&lt;init&gt;" desc="(Ljava/util/function/Consumer;Lit/unige/portcommand/util/DeliveryMode;)V" line="156"><counter type="INSTRUCTION" missed="0" covered="26"/><counter type="BRANCH" missed="0" covered="2"/><counter type="LINE" missed="0" covered="6"/><counter type="COMPLEXITY" missed="0" covered="2"/><counter type="METHOD" missed="0" covered="1"/></method><method name="deliver" desc="(Lit/unige/portcommand/util/Event;)V" line="165"><counter type="INSTRUCTION" missed="0" covered="19"/><counter type="BRANCH" missed="1" covered="3"/><counter type="LINE" missed="0" covered="5"/><counter type="COMPLEXITY" missed="1" covered="3"/><counter type="METHOD" missed="0" covered="1"/></method><method name="enqueue" desc="(Lit/unige/portcommand/util/Event;)V" line="174"><counter type="INSTRUCTION" missed="0" covered="38"/><counter type="BRANCH" missed="1" covered="3"/><counter type="LINE" missed="0" covered="9"/><counter type="COMPLEXITY" missed="1" covered="2"/><counter type="METHOD" missed="0" covered="1"/></method><method name="scheduleDrain" desc="()V" line="186"><counter type="INSTRUCTION" missed="0" covered="11"/><counter type="BRANCH" missed="0" covered="2"/><counter type="LINE" missed="0" covered="3"/><counter type="COMPLEXITY" missed="0" covered="2"/><counter type="METHOD" missed="0" covered="1"/></method><method name="drain" desc="()V" line="194"><counter type="INSTRUCTION" missed="2" covered="20"/><counter type="BRANCH" missed="1" covered="3"/><counter type="LINE" missed="1" covered="5"/><counter type="COMPLEXITY" missed="1" covered="2"/><counter type="METHOD" missed="0" covered="1"/></method><method name="invoke" desc="(Lit/unige/portcommand/util/Event;)V" line="211"><counter type="INSTRUCTION" missed="0" covered="27"/><counter type="LINE" missed="0" covered="6"/><counter type="COMPLEXITY" missed="0" covered="1"/><counter type="METHOD" missed="0" covered="1"/></method><method name="lambda$deliver$0" desc="(Lit/unige/portcommand/util/Event;)V" line="166"><counter type="INSTRUCTION" missed="0" covered="4"/><counter type="LINE" missed="0" covered="1"/><counter type="COMPLEXITY" missed="0" covered="1"/><counter type="METHOD" missed="0" covered="1"/></method><counter type="INSTRUCTION" missed="2" covered="145"/><counter type="BRANCH" missed="3" covered="13"/><counter type="LINE" missed="1" covered="34"/><counter type="COMPLEXITY" missed="3" covered="13"/><counter type="METHOD" missed="0" covered="7"/><counter type="CLASS" missed="0" covered="1"/></class><class name="it/unige/portcommand/util/Subscription" sourcefilename="Subscription.java"><method name="&lt;init&gt;" desc="(Ljava/lang/Runnable;)V" line="16"><counter type="INSTRUCTION" missed="0" covered="9"/><counter type="LINE" missed="0" covered="3"/><counter type="COMPLEXITY" missed="0" covered="1"/><counter type="METHOD" missed="0" covered="1"/></method><method name="cancel" desc="()V" line="22"><counter type="INSTRUCTION" missed="0" covered="4"/><counter type="LINE" missed="0" covered="2"/><counter type="COMPLEXITY" missed="0" covered="1"/><counter type="METHOD" missed="0" covered="1"/></method><counter type="INSTRUCTION" missed="0" covered="13"/><counter type="LINE" missed="0" covered="5"/><counter type="COMPLEXITY" missed="0" covered="2"/><counter type="METHOD" missed="0" covered="2"/><counter type="CLASS" missed="0" covered="1"/></class><class name="it/unige/portcommand/util/EventBus" sourcefilename="EventBus.java"><method name="&lt;init&gt;" desc="()V" line="59"><counter type="INSTRUCTION" missed="0" covered="13"/><counter type="LINE" missed="0" covered="3"/><counter type="COMPLEXITY" missed="0" covered="1"/><counter type="METHOD" missed="0" covered="1"/></method><method name="publish" desc="(Lit/unige/portcommand/util/Event;)V" line="97"><counter type="INSTRUCTION" missed="0" covered="43"/><counter type="BRANCH" missed="0" covered="6"/><counter type="LINE" missed="0" covered="10"/><counter type="COMPLEXITY" missed="0" covered="4"/><counter type="METHOD" missed="0" covered="1"/></method><method name="subscribe" desc="(Ljava/lang/Class;Ljava/util/function/Consumer;)Lit/unige/portcommand/util/Subscription;" line="111"><counter type="INSTRUCTION" missed="6" covered="0"/><counter type="LINE" missed="1" covered="0"/><counter type="COMPLEXITY" missed="1" covered="0"/><counter type="METHOD" missed="1" covered="0"/></method><method name="subscribe" desc="(Ljava/lang/Class;Ljava/util/function/Consumer;Lit/unige/portcommand/util/DeliveryMode;)Lit/unige/portcommand/util/Subscription;" line="120"><counter type="INSTRUCTION" missed="0" covered="42"/><counter type="LINE" missed="0" covered="9"/><counter type="COMPLEXITY" missed="0" covered="1"/><counter type="METHOD" missed="0" covered="1"/></method><method name="publishedEvents" desc="()Ljava/util/List;" line="133"><counter type="INSTRUCTION" missed="0" covered="4"/><counter type="LINE" missed="0" covered="1"/><counter type="COMPLEXITY" missed="0" covered="1"/><counter type="METHOD" missed="0" covered="1"/></method><method name="subscriberCount" desc="(Ljava/lang/Class;)I" line="138"><counter type="INSTRUCTION" missed="2" covered="11"/><counter type="BRANCH" missed="1" covered="1"/><counter type="LINE" missed="0" covered="2"/><counter type="COMPLEXITY" missed="1" covered="1"/><counter type="METHOD" missed="0" covered="1"/></method><method name="lambda$subscribe$2" desc="(Ljava/util/concurrent/CopyOnWriteArrayList;Lit/unige/portcommand/util/EventBus$SubscriberEntry;)V" line="128"><counter type="INSTRUCTION" missed="0" covered="5"/><counter type="LINE" missed="0" covered="1"/><counter type="COMPLEXITY" missed="0" covered="1"/><counter type="METHOD" missed="0" covered="1"/></method><method name="lambda$subscribe$1" desc="(Ljava/lang/Class;)Ljava/util/concurrent/CopyOnWriteArrayList;" line="125"><counter type="INSTRUCTION" missed="0" covered="4"/><counter type="LINE" missed="0" covered="1"/><counter type="COMPLEXITY" missed="0" covered="1"/><counter type="METHOD" missed="0" covered="1"/></method><method name="lambda$static$0" desc="(Ljava/lang/Runnable;)Ljava/lang/Thread;" line="81"><counter type="INSTRUCTION" missed="0" covered="11"/><counter type="LINE" missed="0" covered="3"/><counter type="COMPLEXITY" missed="0" covered="1"/><counter type="METHOD" missed="0" covered="1"/></method><method name="&lt;clinit&gt;" desc="()V" line="61"><counter type="INSTRUCTION" missed="0" covered="8"/><counter type="LINE" missed="0" covered="2"/><counter type="COMPLEXITY" missed="0" covered="1"/><counter type="METHOD" missed="0" covered="1"/></method><counter type="INSTRUCTION" missed="8" covered="141"/><counter type="BRANCH" missed="1" covered="7"/><counter type="LINE" missed="1" covered="30"/><counter type="COMPLEXITY" missed="2" covered="12"/><counter type="METHOD" missed="1" covered="9"/><counter type="CLASS" missed="0" covered="1"/></class><class name="it/unige/portcommand/util/RandomSource" sourcefilename="RandomSource.java"><method name="&lt;init&gt;" desc="(J)V" line="17"><counter type="INSTRUCTION" missed="0" covered="12"/><counter type="LINE" missed="0" covered="4"/><counter type="COMPLEXITY" missed="0" covered="1"/><counter type="METHOD" missed="0" covered="1"/></method><method name="setSeed" desc="(J)V" line="23"><counter type="INSTRUCTION" missed="0" covered="8"/><counter type="LINE" missed="0" covered="3"/><counter type="COMPLEXITY" missed="0" covered="1"/><counter type="METHOD" missed="0" covered="1"/></method><method name="currentSeed" desc="()J" line="29"><counter type="INSTRUCTION" missed="0" covered="3"/><counter type="LINE" missed="0" covered="1"/><counter type="COMPLEXITY" missed="0" covered="1"/><counter type="METHOD" missed="0" covered="1"/></method><method name="saveSeedAt" desc="(J)J" line="43"><counter type="INSTRUCTION" missed="0" covered="7"/><counter type="LINE" missed="0" covered="1"/><counter type="COMPLEXITY" missed="0" covered="1"/><counter type="METHOD" missed="0" covered="1"/></method><method name="forStream" desc="(Ljava/lang/String;)Ljava/util/Random;" line="54"><counter type="INSTRUCTION" missed="0" covered="9"/><counter type="LINE" missed="0" covered="1"/><counter type="COMPLEXITY" missed="0" covered="1"/><counter type="METHOD" missed="0" covered="1"/></method><method name="stableHash" desc="(Ljava/lang/String;)J" line="67"><counter type="INSTRUCTION" missed="0" covered="47"/><counter type="BRANCH" missed="0" covered="2"/><counter type="LINE" missed="0" covered="9"/><counter type="COMPLEXITY" missed="0" covered="2"/><counter type="METHOD" missed="0" covered="1"/></method><method name="nextDouble" desc="()D" line="80"><counter type="INSTRUCTION" missed="0" covered="4"/><counter type="LINE" missed="0" covered="1"/><counter type="COMPLEXITY" missed="0" covered="1"/><counter type="METHOD" missed="0" covered="1"/></method><method name="nextInt" desc="(I)I" line="84"><counter type="INSTRUCTION" missed="0" covered="5"/><counter type="LINE" missed="0" covered="1"/><counter type="COMPLEXITY" missed="0" covered="1"/><counter type="METHOD" missed="0" covered="1"/></method><method name="nextBoolean" desc="()Z" line="88"><counter type="INSTRUCTION" missed="0" covered="4"/><counter type="LINE" missed="0" covered="1"/><counter type="COMPLEXITY" missed="0" covered="1"/><counter type="METHOD" missed="0" covered="1"/></method><counter type="INSTRUCTION" missed="0" covered="99"/><counter type="BRANCH" missed="0" covered="2"/><counter type="LINE" missed="0" covered="22"/><counter type="COMPLEXITY" missed="0" covered="10"/><counter type="METHOD" missed="0" covered="9"/><counter type="CLASS" missed="0" covered="1"/></class><class name="it/unige/portcommand/util/Event" sourcefilename="Event.java"/><sourcefile name="DeliveryMode.java"><line nr="8" mi="0" ci="3" mb="0" cb="0"/><line nr="11" mi="0" ci="6" mb="0" cb="0"/><line nr="14" mi="0" ci="6" mb="0" cb="0"/><line nr="17" mi="0" ci="6" mb="0" cb="0"/><counter type="INSTRUCTION" missed="0" covered="21"/><counter type="LINE" missed="0" covered="4"/><counter type="COMPLEXITY" missed="0" covered="1"/><counter type="METHOD" missed="0" covered="1"/><counter type="CLASS" missed="0" covered="1"/></sourcefile><sourcefile name="SimClock.java"><line nr="33" mi="0" ci="6" mb="0" cb="0"/><line nr="34" mi="0" ci="6" mb="0" cb="0"/><line nr="37" mi="0" ci="2" mb="0" cb="0"/><line nr="38" mi="0" ci="4" mb="0" cb="2"/><line nr="39" mi="0" ci="6" mb="0" cb="0"/><line nr="42" mi="0" ci="3" mb="0" cb="0"/><line nr="43" mi="0" ci="1" mb="0" cb="0"/><line nr="52" mi="0" ci="8" mb="0" cb="0"/><line nr="57" mi="0" ci="3" mb="0" cb="2"/><line nr="58" mi="0" ci="1" mb="0" cb="0"/><line nr="60" mi="0" ci="8" mb="0" cb="0"/><line nr="61" mi="0" ci="1" mb="0" cb="0"/><line nr="65" mi="0" ci="3" mb="0" cb="0"/><line nr="66" mi="0" ci="1" mb="0" cb="0"/><line nr="70" mi="0" ci="3" mb="0" cb="0"/><line nr="71" mi="0" ci="1" mb="0" cb="0"/><line nr="75" mi="0" ci="3" mb="0" cb="0"/><line nr="84" mi="0" ci="13" mb="0" cb="0"/><line nr="85" mi="0" ci="1" mb="0" cb="0"/><line nr="89" mi="0" ci="4" mb="0" cb="0"/><line nr="90" mi="0" ci="4" mb="0" cb="0"/><line nr="91" mi="0" ci="3" mb="0" cb="0"/><line nr="92" mi="0" ci="1" mb="0" cb="0"/><line nr="102" mi="0" ci="4" mb="1" cb="1"/><line nr="103" mi="6" ci="0" mb="0" cb="0"/><line nr="105" mi="0" ci="4" mb="1" cb="1"/><line nr="106" mi="6" ci="0" mb="0" cb="0"/><line nr="109" mi="0" ci="3" mb="0" cb="0"/><line nr="110" mi="0" ci="3" mb="0" cb="0"/><line nr="111" mi="0" ci="4" mb="0" cb="0"/><line nr="112" mi="0" ci="6" mb="0" cb="0"/><line nr="113" mi="0" ci="1" mb="0" cb="0"/><line nr="116" mi="0" ci="4" mb="0" cb="0"/><line nr="120" mi="0" ci="8" mb="0" cb="0"/><line nr="124" mi="0" ci="8" mb="0" cb="0"/><line nr="128" mi="0" ci="4" mb="0" cb="0"/><line nr="142" mi="0" ci="7" mb="0" cb="0"/><line nr="151" mi="0" ci="4" mb="0" cb="0"/><line nr="152" mi="0" ci="4" mb="0" cb="0"/><line nr="153" mi="0" ci="14" mb="1" cb="3"/><line nr="164" mi="0" ci="9" mb="0" cb="0"/><line nr="168" mi="0" ci="3" mb="0" cb="0"/><line nr="180" mi="4" ci="0" mb="2" cb="0"/><line nr="181" mi="6" ci="0" mb="0" cb="0"/><line nr="184" mi="3" ci="0" mb="0" cb="0"/><line nr="185" mi="1" ci="0" mb="0" cb="0"/><counter type="INSTRUCTION" missed="26" covered="176"/><counter type="BRANCH" missed="5" covered="9"/><counter type="LINE" missed="6" covered="40"/><counter type="COMPLEXITY" missed="5" covered="21"/><counter type="METHOD" missed="1" covered="18"/><counter type="CLASS" missed="0" covered="1"/></sourcefile><sourcefile name="EventBus.java"><line nr="59" mi="0" ci="2" mb="0" cb="0"/><line nr="61" mi="0" ci="3" mb="0" cb="0"/><line nr="80" mi="0" ci="5" mb="0" cb="0"/><line nr="81" mi="0" ci="6" mb="0" cb="0"/><line nr="82" mi="0" ci="3" mb="0" cb="0"/><line nr="83" mi="0" ci="2" mb="0" cb="0"/><line nr="86" mi="0" ci="5" mb="0" cb="0"/><line nr="87" mi="0" ci="6" mb="0" cb="0"/><line nr="97" mi="0" ci="4" mb="0" cb="0"/><line nr="98" mi="0" ci="5" mb="0" cb="0"/><line nr="99" mi="0" ci="7" mb="0" cb="0"/><line nr="100" mi="0" ci="5" mb="0" cb="4"/><line nr="101" mi="0" ci="6" mb="0" cb="0"/><line nr="102" mi="0" ci="1" mb="0" cb="0"/><line nr="104" mi="0" ci="10" mb="0" cb="2"/><line nr="105" mi="0" ci="3" mb="0" cb="0"/><line nr="106" mi="0" ci="1" mb="0" cb="0"/><line nr="107" mi="0" ci="1" mb="0" cb="0"/><line nr="111" mi="6" ci="0" mb="0" cb="0"/><line nr="120" mi="0" ci="4" mb="0" cb="0"/><line nr="121" mi="0" ci="4" mb="0" cb="0"/><line nr="122" mi="0" ci="4" mb="0" cb="0"/><line nr="123" mi="0" ci="6" mb="0" cb="0"/><line nr="124" mi="0" ci="4" mb="0" cb="0"/><line nr="125" mi="0" ci="7" mb="0" cb="0"/><line nr="126" mi="0" ci="4" mb="0" cb="0"/><line nr="127" mi="0" ci="6" mb="0" cb="0"/><line nr="128" mi="0" ci="12" mb="0" cb="0"/><line nr="133" mi="0" ci="4" mb="0" cb="0"/><line nr="138" mi="0" ci="6" mb="0" cb="0"/><line nr="139" mi="2" ci="5" mb="1" cb="1"/><line nr="156" mi="0" ci="6" mb="0" cb="0"/><line nr="158" mi="0" ci="2" mb="0" cb="0"/><line nr="159" mi="0" ci="3" mb="0" cb="0"/><line nr="160" mi="0" ci="3" mb="0" cb="0"/><line nr="161" mi="0" ci="11" mb="0" cb="2"/><line nr="162" mi="0" ci="1" mb="0" cb="0"/><line nr="165" mi="0" ci="6" mb="1" cb="3"/><line nr="166" mi="0" ci="9" mb="0" cb="0"/><line nr="167" mi="0" ci="4" mb="0" cb="0"/><line nr="168" mi="0" ci="3" mb="0" cb="0"/><line nr="170" mi="0" ci="1" mb="0" cb="0"/><line nr="174" mi="0" ci="5" mb="0" cb="2"/><line nr="175" mi="0" ci="5" mb="0" cb="0"/><line nr="176" mi="0" ci="2" mb="1" cb="1"/><line nr="177" mi="0" ci="8" mb="0" cb="0"/><line nr="178" mi="0" ci="11" mb="0" cb="0"/><line nr="179" mi="0" ci="3" mb="0" cb="0"/><line nr="181" mi="0" ci="1" mb="0" cb="0"/><line nr="182" mi="0" ci="2" mb="0" cb="0"/><line nr="183" mi="0" ci="1" mb="0" cb="0"/><line nr="186" mi="0" ci="6" mb="0" cb="2"/><line nr="187" mi="0" ci="4" mb="0" cb="0"/><line nr="189" mi="0" ci="1" mb="0" cb="0"/><line nr="194" mi="0" ci="7" mb="0" cb="2"/><line nr="195" mi="0" ci="4" mb="0" cb="0"/><line nr="198" mi="0" ci="4" mb="0" cb="0"/><line nr="202" mi="0" ci="4" mb="1" cb="1"/><line nr="203" mi="2" ci="0" mb="0" cb="0"/><line nr="206" mi="0" ci="1" mb="0" cb="0"/><line nr="211" mi="0" ci="4" mb="0" cb="0"/><line nr="212" mi="0" ci="1" mb="0" cb="0"/><line nr="213" mi="0" ci="8" mb="0" cb="0"/><line nr="214" mi="0" ci="12" mb="0" cb="0"/><line nr="215" mi="0" ci="1" mb="0" cb="0"/><line nr="216" mi="0" ci="1" mb="0" cb="0"/><counter type="INSTRUCTION" missed="10" covered="286"/><counter type="BRANCH" missed="4" covered="20"/><counter type="LINE" missed="2" covered="64"/><counter type="COMPLEXITY" missed="5" covered="25"/><counter type="METHOD" missed="1" covered="16"/><counter type="CLASS" missed="0" covered="2"/></sourcefile><sourcefile name="RandomSource.java"><line nr="17" mi="0" ci="2" mb="0" cb="0"/><line nr="18" mi="0" ci="3" mb="0" cb="0"/><line nr="19" mi="0" ci="6" mb="0" cb="0"/><line nr="20" mi="0" ci="1" mb="0" cb="0"/><line nr="23" mi="0" ci="3" mb="0" cb="0"/><line nr="24" mi="0" ci="4" mb="0" cb="0"/><line nr="25" mi="0" ci="1" mb="0" cb="0"/><line nr="29" mi="0" ci="3" mb="0" cb="0"/><line nr="43" mi="0" ci="7" mb="0" cb="0"/><line nr="54" mi="0" ci="9" mb="0" cb="0"/><line nr="67" mi="0" ci="2" mb="0" cb="0"/><line nr="68" mi="0" ci="8" mb="0" cb="2"/><line nr="69" mi="0" ci="9" mb="0" cb="0"/><line nr="71" mi="0" ci="6" mb="0" cb="0"/><line nr="72" mi="0" ci="4" mb="0" cb="0"/><line nr="73" mi="0" ci="6" mb="0" cb="0"/><line nr="74" mi="0" ci="4" mb="0" cb="0"/><line nr="75" mi="0" ci="6" mb="0" cb="0"/><line nr="76" mi="0" ci="2" mb="0" cb="0"/><line nr="80" mi="0" ci="4" mb="0" cb="0"/><line nr="84" mi="0" ci="5" mb="0" cb="0"/><line nr="88" mi="0" ci="4" mb="0" cb="0"/><counter type="INSTRUCTION" missed="0" covered="99"/><counter type="BRANCH" missed="0" covered="2"/><counter type="LINE" missed="0" covered="22"/><counter type="COMPLEXITY" missed="0" covered="10"/><counter type="METHOD" missed="0" covered="9"/><counter type="CLASS" missed="0" covered="1"/></sourcefile><sourcefile name="Subscription.java"><line nr="16" mi="0" ci="2" mb="0" cb="0"/><line nr="17" mi="0" ci="6" mb="0" cb="0"/><line nr="18" mi="0" ci="1" mb="0" cb="0"/><line nr="22" mi="0" ci="3" mb="0" cb="0"/><line nr="23" mi="0" ci="1" mb="0" cb="0"/><counter type="INSTRUCTION" missed="0" covered="13"/><counter type="LINE" missed="0" covered="5"/><counter type="COMPLEXITY" missed="0" covered="2"/><counter type="METHOD" missed="0" covered="2"/><counter type="CLASS" missed="0" covered="1"/></sourcefile><sourcefile name="Event.java"/><counter type="INSTRUCTION" missed="36" covered="595"/><counter type="BRANCH" missed="9" covered="31"/><counter type="LINE" missed="8" covered="135"/><counter type="COMPLEXITY" missed="10" covered="59"/><counter type="METHOD" missed="2" covered="46"/><counter type="CLASS" missed="0" covered="6"/></package><counter type="INSTRUCTION" missed="2975" covered="30042"/><counter type="BRANCH" missed="627" covered="1797"/><counter type="LINE" missed="680" covered="5619"/><counter type="COMPLEXITY" missed="696" covered="1930"/><counter type="METHOD" missed="113" covered="1269"/><counter type="CLASS" missed="4" covered="279"/></report>